<?xml version="1.0" encoding="UTF-8"?>
<TestRun id="9641f8bc-e03b-4bdb-9fe8-bb458bf1f9b2" name="mlima@R108P17HVVS 2019-03-14 11:29:23" runUser="SIO\mlima" xmlns="http://microsoft.com/schemas/VisualStudio/TeamTest/2010">
  <TestSettings name="Local" id="04463729-3cd3-40da-91d8-44210da3ddb3">
    <Description>Il s'agit des paramètres de test par défaut pour une série de tests locale.</Description>
    <Deployment enabled="false" runDeploymentRoot="mlima_R108P17HVVS 2019-03-14 11_29_23">
      <DeploymentItem filename="C:\Slam 4\Ean13\Ean13\bin\Debug\Ean13.exe" />
    </Deployment>
    <Execution>
      <TestTypeSpecific />
      <AgentRule name="Execution Agents">
      </AgentRule>
    </Execution>
  </TestSettings>
  <Times creation="2019-03-14T11:29:23.5047254+01:00" queuing="2019-03-14T11:29:23.5232751+01:00" start="2019-03-14T11:29:23.5388959+01:00" finish="2019-03-14T11:29:23.7302507+01:00" />
  <ResultSummary outcome="Failed">
    <Counters total="9" executed="9" passed="6" error="0" failed="1" timeout="0" aborted="0" inconclusive="2" passedButRunAborted="0" notRunnable="0" notExecuted="0" disconnected="0" warning="0" completed="0" inProgress="0" pending="0" />
  </ResultSummary>
  <TestDefinitions>
    <UnitTest name="Ean13ConstructorTest_11" storage="c:\slam 4\ean13\ean13project\bin\debug\ean13project.dll" id="b49a2296-c3e4-c58c-e3fc-c8778ca8f3a6">
      <Execution id="a1579a30-126b-4ca3-9ec7-d7f8c224f788" />
      <TestMethod codeBase="C:/Slam 4/Ean13/Ean13Project/bin/Debug/Ean13Project.DLL" adapterTypeName="Microsoft.VisualStudio.TestTools.TestTypes.Unit.UnitTestAdapter, Microsoft.VisualStudio.QualityTools.Tips.UnitTest.Adapter, Version=10.0.0.0, Culture=neutral, PublicKeyToken=b03f5f7f11d50a3a" className="Ean13Project.Ean13Test, Ean13Project, Version=1.0.0.0, Culture=neutral, PublicKeyToken=null" name="Ean13ConstructorTest_11" />
    </UnitTest>
    <UnitTest name="PoidsPairTest" storage="c:\slam 4\ean13\ean13project\bin\debug\ean13project.dll" id="fe659b80-3d78-6fd1-2746-359872bf0390">
      <Execution id="134319e9-3bcf-41e7-b305-03357a1a981c" />
      <TestMethod codeBase="C:/Slam 4/Ean13/Ean13Project/bin/Debug/Ean13Project.DLL" adapterTypeName="Microsoft.VisualStudio.TestTools.TestTypes.Unit.UnitTestAdapter, Microsoft.VisualStudio.QualityTools.Tips.UnitTest.Adapter, Version=10.0.0.0, Culture=neutral, PublicKeyToken=b03f5f7f11d50a3a" className="Ean13Project.Ean13Test, Ean13Project, Version=1.0.0.0, Culture=neutral, PublicKeyToken=null" name="PoidsPairTest" />
    </UnitTest>
    <UnitTest name="Ean13ConstructorTest_13" storage="c:\slam 4\ean13\ean13project\bin\debug\ean13project.dll" id="a8dceb90-9f48-0aa1-5396-4d367107ac5c">
      <Execution id="af71d2f7-417c-4521-9327-c9f27fd7153b" />
      <TestMethod codeBase="C:/Slam 4/Ean13/Ean13Project/bin/Debug/Ean13Project.DLL" adapterTypeName="Microsoft.VisualStudio.TestTools.TestTypes.Unit.UnitTestAdapter, Microsoft.VisualStudio.QualityTools.Tips.UnitTest.Adapter, Version=10.0.0.0, Culture=neutral, PublicKeyToken=b03f5f7f11d50a3a" className="Ean13Project.Ean13Test, Ean13Project, Version=1.0.0.0, Culture=neutral, PublicKeyToken=null" name="Ean13ConstructorTest_13" />
    </UnitTest>
    <UnitTest name="ResteTest" storage="c:\slam 4\ean13\ean13project\bin\debug\ean13project.dll" id="259ba197-5a6d-0b27-50b7-e2f068c81544">
      <Execution id="2339328a-b9d1-4a43-81d9-ce2e1caf922b" />
      <TestMethod codeBase="C:/Slam 4/Ean13/Ean13Project/bin/Debug/Ean13Project.DLL" adapterTypeName="Microsoft.VisualStudio.TestTools.TestTypes.Unit.UnitTestAdapter, Microsoft.VisualStudio.QualityTools.Tips.UnitTest.Adapter, Version=10.0.0.0, Culture=neutral, PublicKeyToken=b03f5f7f11d50a3a" className="Ean13Project.Ean13Test, Ean13Project, Version=1.0.0.0, Culture=neutral, PublicKeyToken=null" name="ResteTest" />
    </UnitTest>
    <UnitTest name="CleTest" storage="c:\slam 4\ean13\ean13project\bin\debug\ean13project.dll" id="f3b18e16-4695-2b3b-7df5-6b1e4bdd4554">
      <Execution id="0d48cb4e-8b18-49ca-84bb-a6f7a51d1378" />
      <TestMethod codeBase="C:/Slam 4/Ean13/Ean13Project/bin/Debug/Ean13Project.DLL" adapterTypeName="Microsoft.VisualStudio.TestTools.TestTypes.Unit.UnitTestAdapter, Microsoft.VisualStudio.QualityTools.Tips.UnitTest.Adapter, Version=10.0.0.0, Culture=neutral, PublicKeyToken=b03f5f7f11d50a3a" className="Ean13Project.Ean13Test, Ean13Project, Version=1.0.0.0, Culture=neutral, PublicKeyToken=null" name="CleTest" />
    </UnitTest>
    <UnitTest name="ProgramConstructorTest" storage="c:\slam 4\ean13\ean13project\bin\debug\ean13project.dll" id="bc5185dc-fd40-8293-04d9-b52c3f0a337a">
      <Execution id="e8ee2e72-b80a-4a2c-a57a-13115f76b5d2" />
      <TestMethod codeBase="C:/Slam 4/Ean13/Ean13Project/bin/Debug/Ean13Project.DLL" adapterTypeName="Microsoft.VisualStudio.TestTools.TestTypes.Unit.UnitTestAdapter, Microsoft.VisualStudio.QualityTools.Tips.UnitTest.Adapter, Version=10.0.0.0, Culture=neutral, PublicKeyToken=b03f5f7f11d50a3a" className="Ean13Project.ProgramTest, Ean13Project, Version=1.0.0.0, Culture=neutral, PublicKeyToken=null" name="ProgramConstructorTest" />
    </UnitTest>
    <UnitTest name="ToStringTest" storage="c:\slam 4\ean13\ean13project\bin\debug\ean13project.dll" id="0d932525-e5e3-11ab-796f-c61b7e167626">
      <Execution id="067d8841-97fe-496b-ac43-be320c7d5e48" />
      <TestMethod codeBase="C:/Slam 4/Ean13/Ean13Project/bin/Debug/Ean13Project.DLL" adapterTypeName="Microsoft.VisualStudio.TestTools.TestTypes.Unit.UnitTestAdapter, Microsoft.VisualStudio.QualityTools.Tips.UnitTest.Adapter, Version=10.0.0.0, Culture=neutral, PublicKeyToken=b03f5f7f11d50a3a" className="Ean13Project.Ean13Test, Ean13Project, Version=1.0.0.0, Culture=neutral, PublicKeyToken=null" name="ToStringTest" />
    </UnitTest>
    <UnitTest name="PoidsImpairTest" storage="c:\slam 4\ean13\ean13project\bin\debug\ean13project.dll" id="75e8a8b3-3b9f-b005-9f0c-675d08f23d8f">
      <Execution id="d315bf9c-cb8e-48b7-b9d1-23de52afc7bc" />
      <TestMethod codeBase="C:/Slam 4/Ean13/Ean13Project/bin/Debug/Ean13Project.DLL" adapterTypeName="Microsoft.VisualStudio.TestTools.TestTypes.Unit.UnitTestAdapter, Microsoft.VisualStudio.QualityTools.Tips.UnitTest.Adapter, Version=10.0.0.0, Culture=neutral, PublicKeyToken=b03f5f7f11d50a3a" className="Ean13Project.Ean13Test, Ean13Project, Version=1.0.0.0, Culture=neutral, PublicKeyToken=null" name="PoidsImpairTest" />
    </UnitTest>
    <UnitTest name="MainTest" storage="c:\slam 4\ean13\ean13project\bin\debug\ean13project.dll" id="fe6a509f-0d48-10bc-1035-a76da7f10f84">
      <DeploymentItems>
        <DeploymentItem filename="Ean13.exe" />
      </DeploymentItems>
      <Execution id="55ec76a4-e417-4d90-a03b-f0f6deba6593" />
      <TestMethod codeBase="C:/Slam 4/Ean13/Ean13Project/bin/Debug/Ean13Project.DLL" adapterTypeName="Microsoft.VisualStudio.TestTools.TestTypes.Unit.UnitTestAdapter, Microsoft.VisualStudio.QualityTools.Tips.UnitTest.Adapter, Version=10.0.0.0, Culture=neutral, PublicKeyToken=b03f5f7f11d50a3a" className="Ean13Project.ProgramTest, Ean13Project, Version=1.0.0.0, Culture=neutral, PublicKeyToken=null" name="MainTest" />
    </UnitTest>
  </TestDefinitions>
  <TestLists>
    <TestList name="Les résultats ne figurent pas dans une liste" id="8c84fa94-04c1-424b-9868-57a2d4851a1d" />
    <TestList name="Tous les résultats chargés" id="19431567-8539-422a-85d7-44ee4e166bda" />
  </TestLists>
  <TestEntries>
    <TestEntry testId="0d932525-e5e3-11ab-796f-c61b7e167626" executionId="067d8841-97fe-496b-ac43-be320c7d5e48" testListId="8c84fa94-04c1-424b-9868-57a2d4851a1d" />
    <TestEntry testId="259ba197-5a6d-0b27-50b7-e2f068c81544" executionId="2339328a-b9d1-4a43-81d9-ce2e1caf922b" testListId="8c84fa94-04c1-424b-9868-57a2d4851a1d" />
    <TestEntry testId="75e8a8b3-3b9f-b005-9f0c-675d08f23d8f" executionId="d315bf9c-cb8e-48b7-b9d1-23de52afc7bc" testListId="8c84fa94-04c1-424b-9868-57a2d4851a1d" />
    <TestEntry testId="a8dceb90-9f48-0aa1-5396-4d367107ac5c" executionId="af71d2f7-417c-4521-9327-c9f27fd7153b" testListId="8c84fa94-04c1-424b-9868-57a2d4851a1d" />
    <TestEntry testId="b49a2296-c3e4-c58c-e3fc-c8778ca8f3a6" executionId="a1579a30-126b-4ca3-9ec7-d7f8c224f788" testListId="8c84fa94-04c1-424b-9868-57a2d4851a1d" />
    <TestEntry testId="bc5185dc-fd40-8293-04d9-b52c3f0a337a" executionId="e8ee2e72-b80a-4a2c-a57a-13115f76b5d2" testListId="8c84fa94-04c1-424b-9868-57a2d4851a1d" />
    <TestEntry testId="f3b18e16-4695-2b3b-7df5-6b1e4bdd4554" executionId="0d48cb4e-8b18-49ca-84bb-a6f7a51d1378" testListId="8c84fa94-04c1-424b-9868-57a2d4851a1d" />
    <TestEntry testId="fe659b80-3d78-6fd1-2746-359872bf0390" executionId="134319e9-3bcf-41e7-b305-03357a1a981c" testListId="8c84fa94-04c1-424b-9868-57a2d4851a1d" />
    <TestEntry testId="fe6a509f-0d48-10bc-1035-a76da7f10f84" executionId="55ec76a4-e417-4d90-a03b-f0f6deba6593" testListId="8c84fa94-04c1-424b-9868-57a2d4851a1d" />
  </TestEntries>
  <Results>
    <UnitTestResult executionId="067d8841-97fe-496b-ac43-be320c7d5e48" testId="0d932525-e5e3-11ab-796f-c61b7e167626" testName="ToStringTest" computerName="R108P17HVVS" duration="00:00:00.0103838" startTime="2019-03-14T11:29:23.5496352+01:00" endTime="2019-03-14T11:29:23.6755779+01:00" testType="13cdc9d9-ddb5-4fa4-a97d-d965ccfc6d4b" outcome="Passed" testListId="8c84fa94-04c1-424b-9868-57a2d4851a1d" relativeResultsDirectory="067d8841-97fe-496b-ac43-be320c7d5e48">
    </UnitTestResult>
    <UnitTestResult executionId="2339328a-b9d1-4a43-81d9-ce2e1caf922b" testId="259ba197-5a6d-0b27-50b7-e2f068c81544" testName="ResteTest" computerName="R108P17HVVS" duration="00:00:00.0001226" startTime="2019-03-14T11:29:23.6755779+01:00" endTime="2019-03-14T11:29:23.6775305+01:00" testType="13cdc9d9-ddb5-4fa4-a97d-d965ccfc6d4b" outcome="Passed" testListId="8c84fa94-04c1-424b-9868-57a2d4851a1d" relativeResultsDirectory="2339328a-b9d1-4a43-81d9-ce2e1caf922b">
    </UnitTestResult>
    <UnitTestResult executionId="d315bf9c-cb8e-48b7-b9d1-23de52afc7bc" testId="75e8a8b3-3b9f-b005-9f0c-675d08f23d8f" testName="PoidsImpairTest" computerName="R108P17HVVS" duration="00:00:00.0001118" startTime="2019-03-14T11:29:23.6785068+01:00" endTime="2019-03-14T11:29:23.6794831+01:00" testType="13cdc9d9-ddb5-4fa4-a97d-d965ccfc6d4b" outcome="Passed" testListId="8c84fa94-04c1-424b-9868-57a2d4851a1d" relativeResultsDirectory="d315bf9c-cb8e-48b7-b9d1-23de52afc7bc">
    </UnitTestResult>
    <UnitTestResult executionId="af71d2f7-417c-4521-9327-c9f27fd7153b" testId="a8dceb90-9f48-0aa1-5396-4d367107ac5c" testName="Ean13ConstructorTest_13" computerName="R108P17HVVS" duration="00:00:00.0103750" startTime="2019-03-14T11:29:23.6804594+01:00" endTime="2019-03-14T11:29:23.6931513+01:00" testType="13cdc9d9-ddb5-4fa4-a97d-d965ccfc6d4b" outcome="Failed" testListId="8c84fa94-04c1-424b-9868-57a2d4851a1d" relativeResultsDirectory="af71d2f7-417c-4521-9327-c9f27fd7153b">
      <Output>
        <ErrorInfo>
          <Message>Échec de Assert.Fail. Aucune exception n'a été soulevée</Message>
          <StackTrace>   à Ean13Project.Ean13Test.Ean13ConstructorTest_13() dans C:\Slam 4\Ean13\Ean13Project\Ean13Test.cs:ligne 81
</StackTrace>
        </ErrorInfo>
      </Output>
    </UnitTestResult>
    <UnitTestResult executionId="a1579a30-126b-4ca3-9ec7-d7f8c224f788" testId="b49a2296-c3e4-c58c-e3fc-c8778ca8f3a6" testName="Ean13ConstructorTest_11" computerName="R108P17HVVS" duration="00:00:00.0045408" startTime="2019-03-14T11:29:23.6931513+01:00" endTime="2019-03-14T11:29:23.6990091+01:00" testType="13cdc9d9-ddb5-4fa4-a97d-d965ccfc6d4b" outcome="Passed" testListId="8c84fa94-04c1-424b-9868-57a2d4851a1d" relativeResultsDirectory="a1579a30-126b-4ca3-9ec7-d7f8c224f788">
    </UnitTestResult>
    <UnitTestResult executionId="e8ee2e72-b80a-4a2c-a57a-13115f76b5d2" testId="bc5185dc-fd40-8293-04d9-b52c3f0a337a" testName="ProgramConstructorTest" computerName="R108P17HVVS" duration="00:00:00.0005554" startTime="2019-03-14T11:29:23.6999854+01:00" endTime="2019-03-14T11:29:23.7029143+01:00" testType="13cdc9d9-ddb5-4fa4-a97d-d965ccfc6d4b" outcome="Inconclusive" testListId="8c84fa94-04c1-424b-9868-57a2d4851a1d" relativeResultsDirectory="e8ee2e72-b80a-4a2c-a57a-13115f76b5d2">
      <Output>
        <ErrorInfo>
          <Message>Échec de Assert.Inconclusive. TODO: implémentez le code pour vérifier la cible</Message>
          <StackTrace>   à Ean13Project.ProgramTest.ProgramConstructorTest() dans C:\Slam 4\Ean13\Ean13Project\ProgramTest.cs:ligne 74
</StackTrace>
        </ErrorInfo>
      </Output>
    </UnitTestResult>
    <UnitTestResult executionId="0d48cb4e-8b18-49ca-84bb-a6f7a51d1378" testId="f3b18e16-4695-2b3b-7df5-6b1e4bdd4554" testName="CleTest" computerName="R108P17HVVS" duration="00:00:00.0023138" startTime="2019-03-14T11:29:23.7038906+01:00" endTime="2019-03-14T11:29:23.7077958+01:00" testType="13cdc9d9-ddb5-4fa4-a97d-d965ccfc6d4b" outcome="Passed" testListId="8c84fa94-04c1-424b-9868-57a2d4851a1d" relativeResultsDirectory="0d48cb4e-8b18-49ca-84bb-a6f7a51d1378">
    </UnitTestResult>
    <UnitTestResult executionId="134319e9-3bcf-41e7-b305-03357a1a981c" testId="fe659b80-3d78-6fd1-2746-359872bf0390" testName="PoidsPairTest" computerName="R108P17HVVS" duration="00:00:00.0001184" startTime="2019-03-14T11:29:23.7077958+01:00" endTime="2019-03-14T11:29:23.7107247+01:00" testType="13cdc9d9-ddb5-4fa4-a97d-d965ccfc6d4b" outcome="Passed" testListId="8c84fa94-04c1-424b-9868-57a2d4851a1d" relativeResultsDirectory="134319e9-3bcf-41e7-b305-03357a1a981c">
    </UnitTestResult>
    <UnitTestResult executionId="55ec76a4-e417-4d90-a03b-f0f6deba6593" testId="fe6a509f-0d48-10bc-1035-a76da7f10f84" testName="MainTest" computerName="R108P17HVVS" duration="00:00:00.0026753" startTime="2019-03-14T11:29:23.7107247+01:00" endTime="2019-03-14T11:29:23.7156062+01:00" testType="13cdc9d9-ddb5-4fa4-a97d-d965ccfc6d4b" outcome="Inconclusive" testListId="8c84fa94-04c1-424b-9868-57a2d4851a1d" relativeResultsDirectory="55ec76a4-e417-4d90-a03b-f0f6deba6593">
      <Output>
        <ErrorInfo>
          <Message>Échec de Assert.Inconclusive. Une méthode qui ne retourne pas une valeur ne peut pas être vérifiée.</Message>
          <StackTrace>   à Ean13Project.ProgramTest.MainTest() dans C:\Slam 4\Ean13\Ean13Project\ProgramTest.cs:ligne 86
</StackTrace>
        </ErrorInfo>
      </Output>
    </UnitTestResult>
  </Results>
</TestRun>