<?xml version="1.0" encoding="UTF-8"?>
<TestRun id="127a3410-8e45-41c9-8d91-47beb41b4c55" name="mlima@R108P17HVVS 2019-03-14 12:09:04" runUser="SIO\mlima" xmlns="http://microsoft.com/schemas/VisualStudio/TeamTest/2010">
  <TestSettings name="Local" id="04463729-3cd3-40da-91d8-44210da3ddb3">
    <Description>Il s'agit des paramètres de test par défaut pour une série de tests locale.</Description>
    <Deployment enabled="false" runDeploymentRoot="mlima_R108P17HVVS 2019-03-14 12_09_04">
      <DeploymentItem filename="C:\Slam 4\Ean13\Ean13\bin\Debug\Ean13.exe" />
    </Deployment>
    <Execution>
      <TestTypeSpecific />
      <AgentRule name="Execution Agents">
      </AgentRule>
    </Execution>
  </TestSettings>
  <Times creation="2019-03-14T12:09:04.5267079+01:00" queuing="2019-03-14T12:09:05.5440125+01:00" start="2019-03-14T12:09:05.5684201+01:00" finish="2019-03-14T12:09:05.7871127+01:00" />
  <ResultSummary outcome="Failed">
    <Counters total="10" executed="10" passed="7" error="0" failed="1" timeout="0" aborted="0" inconclusive="2" passedButRunAborted="0" notRunnable="0" notExecuted="0" disconnected="0" warning="0" completed="0" inProgress="0" pending="0" />
  </ResultSummary>
  <TestDefinitions>
    <UnitTest name="Ean13ConstructorTest_09" storage="c:\slam 4\ean13\ean13project\bin\debug\ean13project.dll" id="95d262da-c4b6-6cd9-524b-aa179d60e1fe">
      <Execution id="c869d7cd-2900-4f77-85af-1739cd86ead6" />
      <TestMethod codeBase="C:/Slam 4/Ean13/Ean13Project/bin/Debug/Ean13Project.DLL" adapterTypeName="Microsoft.VisualStudio.TestTools.TestTypes.Unit.UnitTestAdapter, Microsoft.VisualStudio.QualityTools.Tips.UnitTest.Adapter, Version=10.0.0.0, Culture=neutral, PublicKeyToken=b03f5f7f11d50a3a" className="Ean13Project.Ean13Test, Ean13Project, Version=1.0.0.0, Culture=neutral, PublicKeyToken=null" name="Ean13ConstructorTest_09" />
    </UnitTest>
    <UnitTest name="Ean13ConstructorTest_11" storage="c:\slam 4\ean13\ean13project\bin\debug\ean13project.dll" id="b49a2296-c3e4-c58c-e3fc-c8778ca8f3a6">
      <Execution id="86d5b4ab-effa-4333-b877-08a0bf60dcd0" />
      <TestMethod codeBase="C:/Slam 4/Ean13/Ean13Project/bin/Debug/Ean13Project.DLL" adapterTypeName="Microsoft.VisualStudio.TestTools.TestTypes.Unit.UnitTestAdapter, Microsoft.VisualStudio.QualityTools.Tips.UnitTest.Adapter, Version=10.0.0.0, Culture=neutral, PublicKeyToken=b03f5f7f11d50a3a" className="Ean13Project.Ean13Test, Ean13Project, Version=1.0.0.0, Culture=neutral, PublicKeyToken=null" name="Ean13ConstructorTest_11" />
    </UnitTest>
    <UnitTest name="PoidsPairTest" storage="c:\slam 4\ean13\ean13project\bin\debug\ean13project.dll" id="fe659b80-3d78-6fd1-2746-359872bf0390">
      <Execution id="bfcad3b6-8b72-428c-a1e6-13d50e555a9c" />
      <TestMethod codeBase="C:/Slam 4/Ean13/Ean13Project/bin/Debug/Ean13Project.DLL" adapterTypeName="Microsoft.VisualStudio.TestTools.TestTypes.Unit.UnitTestAdapter, Microsoft.VisualStudio.QualityTools.Tips.UnitTest.Adapter, Version=10.0.0.0, Culture=neutral, PublicKeyToken=b03f5f7f11d50a3a" className="Ean13Project.Ean13Test, Ean13Project, Version=1.0.0.0, Culture=neutral, PublicKeyToken=null" name="PoidsPairTest" />
    </UnitTest>
    <UnitTest name="Ean13ConstructorTest_13" storage="c:\slam 4\ean13\ean13project\bin\debug\ean13project.dll" id="a8dceb90-9f48-0aa1-5396-4d367107ac5c">
      <Execution id="bb003d4e-ea62-4879-874a-7a05b37b7a77" />
      <TestMethod codeBase="C:/Slam 4/Ean13/Ean13Project/bin/Debug/Ean13Project.DLL" adapterTypeName="Microsoft.VisualStudio.TestTools.TestTypes.Unit.UnitTestAdapter, Microsoft.VisualStudio.QualityTools.Tips.UnitTest.Adapter, Version=10.0.0.0, Culture=neutral, PublicKeyToken=b03f5f7f11d50a3a" className="Ean13Project.Ean13Test, Ean13Project, Version=1.0.0.0, Culture=neutral, PublicKeyToken=null" name="Ean13ConstructorTest_13" />
    </UnitTest>
    <UnitTest name="ResteTest" storage="c:\slam 4\ean13\ean13project\bin\debug\ean13project.dll" id="259ba197-5a6d-0b27-50b7-e2f068c81544">
      <Execution id="e29ed6f0-28af-416c-a734-a1ec74ea39d5" />
      <TestMethod codeBase="C:/Slam 4/Ean13/Ean13Project/bin/Debug/Ean13Project.DLL" adapterTypeName="Microsoft.VisualStudio.TestTools.TestTypes.Unit.UnitTestAdapter, Microsoft.VisualStudio.QualityTools.Tips.UnitTest.Adapter, Version=10.0.0.0, Culture=neutral, PublicKeyToken=b03f5f7f11d50a3a" className="Ean13Project.Ean13Test, Ean13Project, Version=1.0.0.0, Culture=neutral, PublicKeyToken=null" name="ResteTest" />
    </UnitTest>
    <UnitTest name="CleTest" storage="c:\slam 4\ean13\ean13project\bin\debug\ean13project.dll" id="f3b18e16-4695-2b3b-7df5-6b1e4bdd4554">
      <Execution id="c6cb06b6-93fe-4b86-bb70-ad24b4710f2e" />
      <TestMethod codeBase="C:/Slam 4/Ean13/Ean13Project/bin/Debug/Ean13Project.DLL" adapterTypeName="Microsoft.VisualStudio.TestTools.TestTypes.Unit.UnitTestAdapter, Microsoft.VisualStudio.QualityTools.Tips.UnitTest.Adapter, Version=10.0.0.0, Culture=neutral, PublicKeyToken=b03f5f7f11d50a3a" className="Ean13Project.Ean13Test, Ean13Project, Version=1.0.0.0, Culture=neutral, PublicKeyToken=null" name="CleTest" />
    </UnitTest>
    <UnitTest name="ProgramConstructorTest" storage="c:\slam 4\ean13\ean13project\bin\debug\ean13project.dll" id="bc5185dc-fd40-8293-04d9-b52c3f0a337a">
      <Execution id="af50d944-a9e7-483d-b4c8-c4fc1b12d168" />
      <TestMethod codeBase="C:/Slam 4/Ean13/Ean13Project/bin/Debug/Ean13Project.DLL" adapterTypeName="Microsoft.VisualStudio.TestTools.TestTypes.Unit.UnitTestAdapter, Microsoft.VisualStudio.QualityTools.Tips.UnitTest.Adapter, Version=10.0.0.0, Culture=neutral, PublicKeyToken=b03f5f7f11d50a3a" className="Ean13Project.ProgramTest, Ean13Project, Version=1.0.0.0, Culture=neutral, PublicKeyToken=null" name="ProgramConstructorTest" />
    </UnitTest>
    <UnitTest name="ToStringTest" storage="c:\slam 4\ean13\ean13project\bin\debug\ean13project.dll" id="0d932525-e5e3-11ab-796f-c61b7e167626">
      <Execution id="562c6773-8f41-4c89-838b-b73358b6fdbe" />
      <TestMethod codeBase="C:/Slam 4/Ean13/Ean13Project/bin/Debug/Ean13Project.DLL" adapterTypeName="Microsoft.VisualStudio.TestTools.TestTypes.Unit.UnitTestAdapter, Microsoft.VisualStudio.QualityTools.Tips.UnitTest.Adapter, Version=10.0.0.0, Culture=neutral, PublicKeyToken=b03f5f7f11d50a3a" className="Ean13Project.Ean13Test, Ean13Project, Version=1.0.0.0, Culture=neutral, PublicKeyToken=null" name="ToStringTest" />
    </UnitTest>
    <UnitTest name="PoidsImpairTest" storage="c:\slam 4\ean13\ean13project\bin\debug\ean13project.dll" id="75e8a8b3-3b9f-b005-9f0c-675d08f23d8f">
      <Execution id="b32a50ab-873d-46d5-bc4c-488203d101c4" />
      <TestMethod codeBase="C:/Slam 4/Ean13/Ean13Project/bin/Debug/Ean13Project.DLL" adapterTypeName="Microsoft.VisualStudio.TestTools.TestTypes.Unit.UnitTestAdapter, Microsoft.VisualStudio.QualityTools.Tips.UnitTest.Adapter, Version=10.0.0.0, Culture=neutral, PublicKeyToken=b03f5f7f11d50a3a" className="Ean13Project.Ean13Test, Ean13Project, Version=1.0.0.0, Culture=neutral, PublicKeyToken=null" name="PoidsImpairTest" />
    </UnitTest>
    <UnitTest name="MainTest" storage="c:\slam 4\ean13\ean13project\bin\debug\ean13project.dll" id="fe6a509f-0d48-10bc-1035-a76da7f10f84">
      <DeploymentItems>
        <DeploymentItem filename="Ean13.exe" />
      </DeploymentItems>
      <Execution id="fa3955d8-8c38-48c3-a093-4f609f6a1a7b" />
      <TestMethod codeBase="C:/Slam 4/Ean13/Ean13Project/bin/Debug/Ean13Project.DLL" adapterTypeName="Microsoft.VisualStudio.TestTools.TestTypes.Unit.UnitTestAdapter, Microsoft.VisualStudio.QualityTools.Tips.UnitTest.Adapter, Version=10.0.0.0, Culture=neutral, PublicKeyToken=b03f5f7f11d50a3a" className="Ean13Project.ProgramTest, Ean13Project, Version=1.0.0.0, Culture=neutral, PublicKeyToken=null" name="MainTest" />
    </UnitTest>
  </TestDefinitions>
  <TestLists>
    <TestList name="Les résultats ne figurent pas dans une liste" id="8c84fa94-04c1-424b-9868-57a2d4851a1d" />
    <TestList name="Tous les résultats chargés" id="19431567-8539-422a-85d7-44ee4e166bda" />
  </TestLists>
  <TestEntries>
    <TestEntry testId="0d932525-e5e3-11ab-796f-c61b7e167626" executionId="562c6773-8f41-4c89-838b-b73358b6fdbe" testListId="8c84fa94-04c1-424b-9868-57a2d4851a1d" />
    <TestEntry testId="259ba197-5a6d-0b27-50b7-e2f068c81544" executionId="e29ed6f0-28af-416c-a734-a1ec74ea39d5" testListId="8c84fa94-04c1-424b-9868-57a2d4851a1d" />
    <TestEntry testId="75e8a8b3-3b9f-b005-9f0c-675d08f23d8f" executionId="b32a50ab-873d-46d5-bc4c-488203d101c4" testListId="8c84fa94-04c1-424b-9868-57a2d4851a1d" />
    <TestEntry testId="95d262da-c4b6-6cd9-524b-aa179d60e1fe" executionId="c869d7cd-2900-4f77-85af-1739cd86ead6" testListId="8c84fa94-04c1-424b-9868-57a2d4851a1d" />
    <TestEntry testId="a8dceb90-9f48-0aa1-5396-4d367107ac5c" executionId="bb003d4e-ea62-4879-874a-7a05b37b7a77" testListId="8c84fa94-04c1-424b-9868-57a2d4851a1d" />
    <TestEntry testId="b49a2296-c3e4-c58c-e3fc-c8778ca8f3a6" executionId="86d5b4ab-effa-4333-b877-08a0bf60dcd0" testListId="8c84fa94-04c1-424b-9868-57a2d4851a1d" />
    <TestEntry testId="bc5185dc-fd40-8293-04d9-b52c3f0a337a" executionId="af50d944-a9e7-483d-b4c8-c4fc1b12d168" testListId="8c84fa94-04c1-424b-9868-57a2d4851a1d" />
    <TestEntry testId="f3b18e16-4695-2b3b-7df5-6b1e4bdd4554" executionId="c6cb06b6-93fe-4b86-bb70-ad24b4710f2e" testListId="8c84fa94-04c1-424b-9868-57a2d4851a1d" />
    <TestEntry testId="fe659b80-3d78-6fd1-2746-359872bf0390" executionId="bfcad3b6-8b72-428c-a1e6-13d50e555a9c" testListId="8c84fa94-04c1-424b-9868-57a2d4851a1d" />
    <TestEntry testId="fe6a509f-0d48-10bc-1035-a76da7f10f84" executionId="fa3955d8-8c38-48c3-a093-4f609f6a1a7b" testListId="8c84fa94-04c1-424b-9868-57a2d4851a1d" />
  </TestEntries>
  <Results>
    <UnitTestResult executionId="562c6773-8f41-4c89-838b-b73358b6fdbe" testId="0d932525-e5e3-11ab-796f-c61b7e167626" testName="ToStringTest" computerName="R108P17HVVS" duration="00:00:00.0085581" startTime="2019-03-14T12:09:05.5840410+01:00" endTime="2019-03-14T12:09:05.6933873+01:00" testType="13cdc9d9-ddb5-4fa4-a97d-d965ccfc6d4b" outcome="Passed" testListId="8c84fa94-04c1-424b-9868-57a2d4851a1d" relativeResultsDirectory="562c6773-8f41-4c89-838b-b73358b6fdbe">
    </UnitTestResult>
    <UnitTestResult executionId="e29ed6f0-28af-416c-a734-a1ec74ea39d5" testId="259ba197-5a6d-0b27-50b7-e2f068c81544" testName="ResteTest" computerName="R108P17HVVS" duration="00:00:00.0001208" startTime="2019-03-14T12:09:05.6933873+01:00" endTime="2019-03-14T12:09:05.7090082+01:00" testType="13cdc9d9-ddb5-4fa4-a97d-d965ccfc6d4b" outcome="Passed" testListId="8c84fa94-04c1-424b-9868-57a2d4851a1d" relativeResultsDirectory="e29ed6f0-28af-416c-a734-a1ec74ea39d5">
    </UnitTestResult>
    <UnitTestResult executionId="b32a50ab-873d-46d5-bc4c-488203d101c4" testId="75e8a8b3-3b9f-b005-9f0c-675d08f23d8f" testName="PoidsImpairTest" computerName="R108P17HVVS" duration="00:00:00.0001081" startTime="2019-03-14T12:09:05.7090082+01:00" endTime="2019-03-14T12:09:05.7090082+01:00" testType="13cdc9d9-ddb5-4fa4-a97d-d965ccfc6d4b" outcome="Passed" testListId="8c84fa94-04c1-424b-9868-57a2d4851a1d" relativeResultsDirectory="b32a50ab-873d-46d5-bc4c-488203d101c4">
    </UnitTestResult>
    <UnitTestResult executionId="c869d7cd-2900-4f77-85af-1739cd86ead6" testId="95d262da-c4b6-6cd9-524b-aa179d60e1fe" testName="Ean13ConstructorTest_09" computerName="R108P17HVVS" duration="00:00:00.0088034" startTime="2019-03-14T12:09:05.7090082+01:00" endTime="2019-03-14T12:09:05.7246291+01:00" testType="13cdc9d9-ddb5-4fa4-a97d-d965ccfc6d4b" outcome="Failed" testListId="8c84fa94-04c1-424b-9868-57a2d4851a1d" relativeResultsDirectory="c869d7cd-2900-4f77-85af-1739cd86ead6">
      <Output>
        <ErrorInfo>
          <Message>Échec de Assert.AreEqual. Attendu : &lt;Un code Ean 13 doit être un tableau de 12 entiers&gt;, Réel : &lt;Un élément du gencode n'est pas compris entre 0 et 9&gt;. </Message>
          <StackTrace>   à Ean13Project.Ean13Test.Ean13ConstructorTest_09() dans C:\Slam 4\Ean13\Ean13Project\Ean13Test.cs:ligne 109
</StackTrace>
        </ErrorInfo>
      </Output>
    </UnitTestResult>
    <UnitTestResult executionId="bb003d4e-ea62-4879-874a-7a05b37b7a77" testId="a8dceb90-9f48-0aa1-5396-4d367107ac5c" testName="Ean13ConstructorTest_13" computerName="R108P17HVVS" duration="00:00:00.0001768" startTime="2019-03-14T12:09:05.7246291+01:00" endTime="2019-03-14T12:09:05.7246291+01:00" testType="13cdc9d9-ddb5-4fa4-a97d-d965ccfc6d4b" outcome="Passed" testListId="8c84fa94-04c1-424b-9868-57a2d4851a1d" relativeResultsDirectory="bb003d4e-ea62-4879-874a-7a05b37b7a77">
    </UnitTestResult>
    <UnitTestResult executionId="86d5b4ab-effa-4333-b877-08a0bf60dcd0" testId="b49a2296-c3e4-c58c-e3fc-c8778ca8f3a6" testName="Ean13ConstructorTest_11" computerName="R108P17HVVS" duration="00:00:00.0001529" startTime="2019-03-14T12:09:05.7246291+01:00" endTime="2019-03-14T12:09:05.7402500+01:00" testType="13cdc9d9-ddb5-4fa4-a97d-d965ccfc6d4b" outcome="Passed" testListId="8c84fa94-04c1-424b-9868-57a2d4851a1d" relativeResultsDirectory="86d5b4ab-effa-4333-b877-08a0bf60dcd0">
    </UnitTestResult>
    <UnitTestResult executionId="af50d944-a9e7-483d-b4c8-c4fc1b12d168" testId="bc5185dc-fd40-8293-04d9-b52c3f0a337a" testName="ProgramConstructorTest" computerName="R108P17HVVS" duration="00:00:00.0004950" startTime="2019-03-14T12:09:05.7402500+01:00" endTime="2019-03-14T12:09:05.7402500+01:00" testType="13cdc9d9-ddb5-4fa4-a97d-d965ccfc6d4b" outcome="Inconclusive" testListId="8c84fa94-04c1-424b-9868-57a2d4851a1d" relativeResultsDirectory="af50d944-a9e7-483d-b4c8-c4fc1b12d168">
      <Output>
        <ErrorInfo>
          <Message>Échec de Assert.Inconclusive. TODO: implémentez le code pour vérifier la cible</Message>
          <StackTrace>   à Ean13Project.ProgramTest.ProgramConstructorTest() dans C:\Slam 4\Ean13\Ean13Project\ProgramTest.cs:ligne 74
</StackTrace>
        </ErrorInfo>
      </Output>
    </UnitTestResult>
    <UnitTestResult executionId="c6cb06b6-93fe-4b86-bb70-ad24b4710f2e" testId="f3b18e16-4695-2b3b-7df5-6b1e4bdd4554" testName="CleTest" computerName="R108P17HVVS" duration="00:00:00.0001312" startTime="2019-03-14T12:09:05.7402500+01:00" endTime="2019-03-14T12:09:05.7402500+01:00" testType="13cdc9d9-ddb5-4fa4-a97d-d965ccfc6d4b" outcome="Passed" testListId="8c84fa94-04c1-424b-9868-57a2d4851a1d" relativeResultsDirectory="c6cb06b6-93fe-4b86-bb70-ad24b4710f2e">
    </UnitTestResult>
    <UnitTestResult executionId="bfcad3b6-8b72-428c-a1e6-13d50e555a9c" testId="fe659b80-3d78-6fd1-2746-359872bf0390" testName="PoidsPairTest" computerName="R108P17HVVS" duration="00:00:00.0001069" startTime="2019-03-14T12:09:05.7402500+01:00" endTime="2019-03-14T12:09:05.7402500+01:00" testType="13cdc9d9-ddb5-4fa4-a97d-d965ccfc6d4b" outcome="Passed" testListId="8c84fa94-04c1-424b-9868-57a2d4851a1d" relativeResultsDirectory="bfcad3b6-8b72-428c-a1e6-13d50e555a9c">
    </UnitTestResult>
    <UnitTestResult executionId="fa3955d8-8c38-48c3-a093-4f609f6a1a7b" testId="fe6a509f-0d48-10bc-1035-a76da7f10f84" testName="MainTest" computerName="R108P17HVVS" duration="00:00:00.0030210" startTime="2019-03-14T12:09:05.7402500+01:00" endTime="2019-03-14T12:09:05.7558709+01:00" testType="13cdc9d9-ddb5-4fa4-a97d-d965ccfc6d4b" outcome="Inconclusive" testListId="8c84fa94-04c1-424b-9868-57a2d4851a1d" relativeResultsDirectory="fa3955d8-8c38-48c3-a093-4f609f6a1a7b">
      <Output>
        <ErrorInfo>
          <Message>Échec de Assert.Inconclusive. Une méthode qui ne retourne pas une valeur ne peut pas être vérifiée.</Message>
          <StackTrace>   à Ean13Project.ProgramTest.MainTest() dans C:\Slam 4\Ean13\Ean13Project\ProgramTest.cs:ligne 86
</StackTrace>
        </ErrorInfo>
      </Output>
    </UnitTestResult>
  </Results>
</TestRun>