<?xml version="1.0" encoding="UTF-8"?>
<TestRun id="99883f87-11eb-4857-bcd3-e9cb4c865c29" name="mlima@R108P17HVVS 2019-03-14 11:59:49" runUser="SIO\mlima" xmlns="http://microsoft.com/schemas/VisualStudio/TeamTest/2010">
  <TestSettings name="Local" id="04463729-3cd3-40da-91d8-44210da3ddb3">
    <Description>Il s'agit des paramètres de test par défaut pour une série de tests locale.</Description>
    <Deployment enabled="false" runDeploymentRoot="mlima_R108P17HVVS 2019-03-14 11_59_49">
      <DeploymentItem filename="C:\Slam 4\Ean13\Ean13\bin\Debug\Ean13.exe" />
    </Deployment>
    <Execution>
      <TestTypeSpecific />
      <AgentRule name="Execution Agents">
      </AgentRule>
    </Execution>
  </TestSettings>
  <Times creation="2019-03-14T11:59:49.8574780+01:00" queuing="2019-03-14T11:59:49.9121511+01:00" start="2019-03-14T11:59:49.9121511+01:00" finish="2019-03-14T11:59:50.1308437+01:00" />
  <ResultSummary outcome="Failed">
    <Counters total="10" executed="10" passed="7" error="0" failed="1" timeout="0" aborted="0" inconclusive="2" passedButRunAborted="0" notRunnable="0" notExecuted="0" disconnected="0" warning="0" completed="0" inProgress="0" pending="0" />
  </ResultSummary>
  <TestDefinitions>
    <UnitTest name="Ean13ConstructorTest_09" storage="c:\slam 4\ean13\ean13project\bin\debug\ean13project.dll" id="95d262da-c4b6-6cd9-524b-aa179d60e1fe">
      <Execution id="83954066-0fa8-409e-9c48-7f32266b7d1c" />
      <TestMethod codeBase="C:/Slam 4/Ean13/Ean13Project/bin/Debug/Ean13Project.DLL" adapterTypeName="Microsoft.VisualStudio.TestTools.TestTypes.Unit.UnitTestAdapter, Microsoft.VisualStudio.QualityTools.Tips.UnitTest.Adapter, Version=10.0.0.0, Culture=neutral, PublicKeyToken=b03f5f7f11d50a3a" className="Ean13Project.Ean13Test, Ean13Project, Version=1.0.0.0, Culture=neutral, PublicKeyToken=null" name="Ean13ConstructorTest_09" />
    </UnitTest>
    <UnitTest name="Ean13ConstructorTest_11" storage="c:\slam 4\ean13\ean13project\bin\debug\ean13project.dll" id="b49a2296-c3e4-c58c-e3fc-c8778ca8f3a6">
      <Execution id="6f70c6fd-c25f-47d3-9afe-e14af8a3be7b" />
      <TestMethod codeBase="C:/Slam 4/Ean13/Ean13Project/bin/Debug/Ean13Project.DLL" adapterTypeName="Microsoft.VisualStudio.TestTools.TestTypes.Unit.UnitTestAdapter, Microsoft.VisualStudio.QualityTools.Tips.UnitTest.Adapter, Version=10.0.0.0, Culture=neutral, PublicKeyToken=b03f5f7f11d50a3a" className="Ean13Project.Ean13Test, Ean13Project, Version=1.0.0.0, Culture=neutral, PublicKeyToken=null" name="Ean13ConstructorTest_11" />
    </UnitTest>
    <UnitTest name="PoidsPairTest" storage="c:\slam 4\ean13\ean13project\bin\debug\ean13project.dll" id="fe659b80-3d78-6fd1-2746-359872bf0390">
      <Execution id="34f0a4ff-7506-4560-9d84-f01ffb2d341a" />
      <TestMethod codeBase="C:/Slam 4/Ean13/Ean13Project/bin/Debug/Ean13Project.DLL" adapterTypeName="Microsoft.VisualStudio.TestTools.TestTypes.Unit.UnitTestAdapter, Microsoft.VisualStudio.QualityTools.Tips.UnitTest.Adapter, Version=10.0.0.0, Culture=neutral, PublicKeyToken=b03f5f7f11d50a3a" className="Ean13Project.Ean13Test, Ean13Project, Version=1.0.0.0, Culture=neutral, PublicKeyToken=null" name="PoidsPairTest" />
    </UnitTest>
    <UnitTest name="Ean13ConstructorTest_13" storage="c:\slam 4\ean13\ean13project\bin\debug\ean13project.dll" id="a8dceb90-9f48-0aa1-5396-4d367107ac5c">
      <Execution id="eabc75f8-1395-4bc2-9396-52582ee5e85c" />
      <TestMethod codeBase="C:/Slam 4/Ean13/Ean13Project/bin/Debug/Ean13Project.DLL" adapterTypeName="Microsoft.VisualStudio.TestTools.TestTypes.Unit.UnitTestAdapter, Microsoft.VisualStudio.QualityTools.Tips.UnitTest.Adapter, Version=10.0.0.0, Culture=neutral, PublicKeyToken=b03f5f7f11d50a3a" className="Ean13Project.Ean13Test, Ean13Project, Version=1.0.0.0, Culture=neutral, PublicKeyToken=null" name="Ean13ConstructorTest_13" />
    </UnitTest>
    <UnitTest name="ResteTest" storage="c:\slam 4\ean13\ean13project\bin\debug\ean13project.dll" id="259ba197-5a6d-0b27-50b7-e2f068c81544">
      <Execution id="57cb3ed0-040e-47f1-89df-379ccc9801c6" />
      <TestMethod codeBase="C:/Slam 4/Ean13/Ean13Project/bin/Debug/Ean13Project.DLL" adapterTypeName="Microsoft.VisualStudio.TestTools.TestTypes.Unit.UnitTestAdapter, Microsoft.VisualStudio.QualityTools.Tips.UnitTest.Adapter, Version=10.0.0.0, Culture=neutral, PublicKeyToken=b03f5f7f11d50a3a" className="Ean13Project.Ean13Test, Ean13Project, Version=1.0.0.0, Culture=neutral, PublicKeyToken=null" name="ResteTest" />
    </UnitTest>
    <UnitTest name="CleTest" storage="c:\slam 4\ean13\ean13project\bin\debug\ean13project.dll" id="f3b18e16-4695-2b3b-7df5-6b1e4bdd4554">
      <Execution id="8e91b043-e56d-4a60-8420-6c7e6c451f92" />
      <TestMethod codeBase="C:/Slam 4/Ean13/Ean13Project/bin/Debug/Ean13Project.DLL" adapterTypeName="Microsoft.VisualStudio.TestTools.TestTypes.Unit.UnitTestAdapter, Microsoft.VisualStudio.QualityTools.Tips.UnitTest.Adapter, Version=10.0.0.0, Culture=neutral, PublicKeyToken=b03f5f7f11d50a3a" className="Ean13Project.Ean13Test, Ean13Project, Version=1.0.0.0, Culture=neutral, PublicKeyToken=null" name="CleTest" />
    </UnitTest>
    <UnitTest name="ProgramConstructorTest" storage="c:\slam 4\ean13\ean13project\bin\debug\ean13project.dll" id="bc5185dc-fd40-8293-04d9-b52c3f0a337a">
      <Execution id="91ae9e82-b809-481c-90e3-59e75d107522" />
      <TestMethod codeBase="C:/Slam 4/Ean13/Ean13Project/bin/Debug/Ean13Project.DLL" adapterTypeName="Microsoft.VisualStudio.TestTools.TestTypes.Unit.UnitTestAdapter, Microsoft.VisualStudio.QualityTools.Tips.UnitTest.Adapter, Version=10.0.0.0, Culture=neutral, PublicKeyToken=b03f5f7f11d50a3a" className="Ean13Project.ProgramTest, Ean13Project, Version=1.0.0.0, Culture=neutral, PublicKeyToken=null" name="ProgramConstructorTest" />
    </UnitTest>
    <UnitTest name="ToStringTest" storage="c:\slam 4\ean13\ean13project\bin\debug\ean13project.dll" id="0d932525-e5e3-11ab-796f-c61b7e167626">
      <Execution id="4892e0ff-d22a-4a37-8419-c3f3dd4e8032" />
      <TestMethod codeBase="C:/Slam 4/Ean13/Ean13Project/bin/Debug/Ean13Project.DLL" adapterTypeName="Microsoft.VisualStudio.TestTools.TestTypes.Unit.UnitTestAdapter, Microsoft.VisualStudio.QualityTools.Tips.UnitTest.Adapter, Version=10.0.0.0, Culture=neutral, PublicKeyToken=b03f5f7f11d50a3a" className="Ean13Project.Ean13Test, Ean13Project, Version=1.0.0.0, Culture=neutral, PublicKeyToken=null" name="ToStringTest" />
    </UnitTest>
    <UnitTest name="PoidsImpairTest" storage="c:\slam 4\ean13\ean13project\bin\debug\ean13project.dll" id="75e8a8b3-3b9f-b005-9f0c-675d08f23d8f">
      <Execution id="d34ec0bf-5aeb-4881-bba6-ec078ee7df5b" />
      <TestMethod codeBase="C:/Slam 4/Ean13/Ean13Project/bin/Debug/Ean13Project.DLL" adapterTypeName="Microsoft.VisualStudio.TestTools.TestTypes.Unit.UnitTestAdapter, Microsoft.VisualStudio.QualityTools.Tips.UnitTest.Adapter, Version=10.0.0.0, Culture=neutral, PublicKeyToken=b03f5f7f11d50a3a" className="Ean13Project.Ean13Test, Ean13Project, Version=1.0.0.0, Culture=neutral, PublicKeyToken=null" name="PoidsImpairTest" />
    </UnitTest>
    <UnitTest name="MainTest" storage="c:\slam 4\ean13\ean13project\bin\debug\ean13project.dll" id="fe6a509f-0d48-10bc-1035-a76da7f10f84">
      <DeploymentItems>
        <DeploymentItem filename="Ean13.exe" />
      </DeploymentItems>
      <Execution id="a1ed80de-7914-4305-be43-d83800334d9e" />
      <TestMethod codeBase="C:/Slam 4/Ean13/Ean13Project/bin/Debug/Ean13Project.DLL" adapterTypeName="Microsoft.VisualStudio.TestTools.TestTypes.Unit.UnitTestAdapter, Microsoft.VisualStudio.QualityTools.Tips.UnitTest.Adapter, Version=10.0.0.0, Culture=neutral, PublicKeyToken=b03f5f7f11d50a3a" className="Ean13Project.ProgramTest, Ean13Project, Version=1.0.0.0, Culture=neutral, PublicKeyToken=null" name="MainTest" />
    </UnitTest>
  </TestDefinitions>
  <TestLists>
    <TestList name="Les résultats ne figurent pas dans une liste" id="8c84fa94-04c1-424b-9868-57a2d4851a1d" />
    <TestList name="Tous les résultats chargés" id="19431567-8539-422a-85d7-44ee4e166bda" />
  </TestLists>
  <TestEntries>
    <TestEntry testId="0d932525-e5e3-11ab-796f-c61b7e167626" executionId="4892e0ff-d22a-4a37-8419-c3f3dd4e8032" testListId="8c84fa94-04c1-424b-9868-57a2d4851a1d" />
    <TestEntry testId="259ba197-5a6d-0b27-50b7-e2f068c81544" executionId="57cb3ed0-040e-47f1-89df-379ccc9801c6" testListId="8c84fa94-04c1-424b-9868-57a2d4851a1d" />
    <TestEntry testId="75e8a8b3-3b9f-b005-9f0c-675d08f23d8f" executionId="d34ec0bf-5aeb-4881-bba6-ec078ee7df5b" testListId="8c84fa94-04c1-424b-9868-57a2d4851a1d" />
    <TestEntry testId="95d262da-c4b6-6cd9-524b-aa179d60e1fe" executionId="83954066-0fa8-409e-9c48-7f32266b7d1c" testListId="8c84fa94-04c1-424b-9868-57a2d4851a1d" />
    <TestEntry testId="a8dceb90-9f48-0aa1-5396-4d367107ac5c" executionId="eabc75f8-1395-4bc2-9396-52582ee5e85c" testListId="8c84fa94-04c1-424b-9868-57a2d4851a1d" />
    <TestEntry testId="b49a2296-c3e4-c58c-e3fc-c8778ca8f3a6" executionId="6f70c6fd-c25f-47d3-9afe-e14af8a3be7b" testListId="8c84fa94-04c1-424b-9868-57a2d4851a1d" />
    <TestEntry testId="bc5185dc-fd40-8293-04d9-b52c3f0a337a" executionId="91ae9e82-b809-481c-90e3-59e75d107522" testListId="8c84fa94-04c1-424b-9868-57a2d4851a1d" />
    <TestEntry testId="f3b18e16-4695-2b3b-7df5-6b1e4bdd4554" executionId="8e91b043-e56d-4a60-8420-6c7e6c451f92" testListId="8c84fa94-04c1-424b-9868-57a2d4851a1d" />
    <TestEntry testId="fe659b80-3d78-6fd1-2746-359872bf0390" executionId="34f0a4ff-7506-4560-9d84-f01ffb2d341a" testListId="8c84fa94-04c1-424b-9868-57a2d4851a1d" />
    <TestEntry testId="fe6a509f-0d48-10bc-1035-a76da7f10f84" executionId="a1ed80de-7914-4305-be43-d83800334d9e" testListId="8c84fa94-04c1-424b-9868-57a2d4851a1d" />
  </TestEntries>
  <Results>
    <UnitTestResult executionId="4892e0ff-d22a-4a37-8419-c3f3dd4e8032" testId="0d932525-e5e3-11ab-796f-c61b7e167626" testName="ToStringTest" computerName="R108P17HVVS" duration="00:00:00.0098779" startTime="2019-03-14T11:59:49.9433929+01:00" endTime="2019-03-14T11:59:50.0683601+01:00" testType="13cdc9d9-ddb5-4fa4-a97d-d965ccfc6d4b" outcome="Passed" testListId="8c84fa94-04c1-424b-9868-57a2d4851a1d" relativeResultsDirectory="4892e0ff-d22a-4a37-8419-c3f3dd4e8032">
    </UnitTestResult>
    <UnitTestResult executionId="57cb3ed0-040e-47f1-89df-379ccc9801c6" testId="259ba197-5a6d-0b27-50b7-e2f068c81544" testName="ResteTest" computerName="R108P17HVVS" duration="00:00:00.0001187" startTime="2019-03-14T11:59:50.0683601+01:00" endTime="2019-03-14T11:59:50.0683601+01:00" testType="13cdc9d9-ddb5-4fa4-a97d-d965ccfc6d4b" outcome="Passed" testListId="8c84fa94-04c1-424b-9868-57a2d4851a1d" relativeResultsDirectory="57cb3ed0-040e-47f1-89df-379ccc9801c6">
    </UnitTestResult>
    <UnitTestResult executionId="d34ec0bf-5aeb-4881-bba6-ec078ee7df5b" testId="75e8a8b3-3b9f-b005-9f0c-675d08f23d8f" testName="PoidsImpairTest" computerName="R108P17HVVS" duration="00:00:00.0001092" startTime="2019-03-14T11:59:50.0683601+01:00" endTime="2019-03-14T11:59:50.0683601+01:00" testType="13cdc9d9-ddb5-4fa4-a97d-d965ccfc6d4b" outcome="Passed" testListId="8c84fa94-04c1-424b-9868-57a2d4851a1d" relativeResultsDirectory="d34ec0bf-5aeb-4881-bba6-ec078ee7df5b">
    </UnitTestResult>
    <UnitTestResult executionId="83954066-0fa8-409e-9c48-7f32266b7d1c" testId="95d262da-c4b6-6cd9-524b-aa179d60e1fe" testName="Ean13ConstructorTest_09" computerName="R108P17HVVS" duration="00:00:00.0085995" startTime="2019-03-14T11:59:50.0683601+01:00" endTime="2019-03-14T11:59:50.0683601+01:00" testType="13cdc9d9-ddb5-4fa4-a97d-d965ccfc6d4b" outcome="Failed" testListId="8c84fa94-04c1-424b-9868-57a2d4851a1d" relativeResultsDirectory="83954066-0fa8-409e-9c48-7f32266b7d1c">
      <Output>
        <ErrorInfo>
          <Message>Échec de Assert.AreEqual. Attendu : &lt;Un code Ean 13 doit être un tableau de 12 entiers&gt;, Réel : &lt;Un élément du gencode n'est pas compris entre 0 et 9&gt;. </Message>
          <StackTrace>   à Ean13Project.Ean13Test.Ean13ConstructorTest_09() dans C:\Slam 4\Ean13\Ean13Project\Ean13Test.cs:ligne 109
</StackTrace>
        </ErrorInfo>
      </Output>
    </UnitTestResult>
    <UnitTestResult executionId="eabc75f8-1395-4bc2-9396-52582ee5e85c" testId="a8dceb90-9f48-0aa1-5396-4d367107ac5c" testName="Ean13ConstructorTest_13" computerName="R108P17HVVS" duration="00:00:00.0001811" startTime="2019-03-14T11:59:50.0839810+01:00" endTime="2019-03-14T11:59:50.0839810+01:00" testType="13cdc9d9-ddb5-4fa4-a97d-d965ccfc6d4b" outcome="Passed" testListId="8c84fa94-04c1-424b-9868-57a2d4851a1d" relativeResultsDirectory="eabc75f8-1395-4bc2-9396-52582ee5e85c">
    </UnitTestResult>
    <UnitTestResult executionId="6f70c6fd-c25f-47d3-9afe-e14af8a3be7b" testId="b49a2296-c3e4-c58c-e3fc-c8778ca8f3a6" testName="Ean13ConstructorTest_11" computerName="R108P17HVVS" duration="00:00:00.0001515" startTime="2019-03-14T11:59:50.0839810+01:00" endTime="2019-03-14T11:59:50.0839810+01:00" testType="13cdc9d9-ddb5-4fa4-a97d-d965ccfc6d4b" outcome="Passed" testListId="8c84fa94-04c1-424b-9868-57a2d4851a1d" relativeResultsDirectory="6f70c6fd-c25f-47d3-9afe-e14af8a3be7b">
    </UnitTestResult>
    <UnitTestResult executionId="91ae9e82-b809-481c-90e3-59e75d107522" testId="bc5185dc-fd40-8293-04d9-b52c3f0a337a" testName="ProgramConstructorTest" computerName="R108P17HVVS" duration="00:00:00.0005097" startTime="2019-03-14T11:59:50.0839810+01:00" endTime="2019-03-14T11:59:50.0839810+01:00" testType="13cdc9d9-ddb5-4fa4-a97d-d965ccfc6d4b" outcome="Inconclusive" testListId="8c84fa94-04c1-424b-9868-57a2d4851a1d" relativeResultsDirectory="91ae9e82-b809-481c-90e3-59e75d107522">
      <Output>
        <ErrorInfo>
          <Message>Échec de Assert.Inconclusive. TODO: implémentez le code pour vérifier la cible</Message>
          <StackTrace>   à Ean13Project.ProgramTest.ProgramConstructorTest() dans C:\Slam 4\Ean13\Ean13Project\ProgramTest.cs:ligne 74
</StackTrace>
        </ErrorInfo>
      </Output>
    </UnitTestResult>
    <UnitTestResult executionId="8e91b043-e56d-4a60-8420-6c7e6c451f92" testId="f3b18e16-4695-2b3b-7df5-6b1e4bdd4554" testName="CleTest" computerName="R108P17HVVS" duration="00:00:00.0001244" startTime="2019-03-14T11:59:50.0839810+01:00" endTime="2019-03-14T11:59:50.0839810+01:00" testType="13cdc9d9-ddb5-4fa4-a97d-d965ccfc6d4b" outcome="Passed" testListId="8c84fa94-04c1-424b-9868-57a2d4851a1d" relativeResultsDirectory="8e91b043-e56d-4a60-8420-6c7e6c451f92">
    </UnitTestResult>
    <UnitTestResult executionId="34f0a4ff-7506-4560-9d84-f01ffb2d341a" testId="fe659b80-3d78-6fd1-2746-359872bf0390" testName="PoidsPairTest" computerName="R108P17HVVS" duration="00:00:00.0001082" startTime="2019-03-14T11:59:50.0839810+01:00" endTime="2019-03-14T11:59:50.0996019+01:00" testType="13cdc9d9-ddb5-4fa4-a97d-d965ccfc6d4b" outcome="Passed" testListId="8c84fa94-04c1-424b-9868-57a2d4851a1d" relativeResultsDirectory="34f0a4ff-7506-4560-9d84-f01ffb2d341a">
    </UnitTestResult>
    <UnitTestResult executionId="a1ed80de-7914-4305-be43-d83800334d9e" testId="fe6a509f-0d48-10bc-1035-a76da7f10f84" testName="MainTest" computerName="R108P17HVVS" duration="00:00:00.0030851" startTime="2019-03-14T11:59:50.0996019+01:00" endTime="2019-03-14T11:59:50.1152228+01:00" testType="13cdc9d9-ddb5-4fa4-a97d-d965ccfc6d4b" outcome="Inconclusive" testListId="8c84fa94-04c1-424b-9868-57a2d4851a1d" relativeResultsDirectory="a1ed80de-7914-4305-be43-d83800334d9e">
      <Output>
        <ErrorInfo>
          <Message>Échec de Assert.Inconclusive. Une méthode qui ne retourne pas une valeur ne peut pas être vérifiée.</Message>
          <StackTrace>   à Ean13Project.ProgramTest.MainTest() dans C:\Slam 4\Ean13\Ean13Project\ProgramTest.cs:ligne 86
</StackTrace>
        </ErrorInfo>
      </Output>
    </UnitTestResult>
  </Results>
</TestRun>