<?xml version="1.0" encoding="UTF-8"?>
<TestRun id="19d0450c-1d6a-4f1f-a11f-cc47e85a249d" name="mlima@R108P17HVVS 2019-03-21 10:32:27" runUser="SIO\mlima" xmlns="http://microsoft.com/schemas/VisualStudio/TeamTest/2010">
  <TestSettings name="Local" id="04463729-3cd3-40da-91d8-44210da3ddb3">
    <Description>Il s'agit des paramètres de test par défaut pour une série de tests locale.</Description>
    <Deployment enabled="false" runDeploymentRoot="mlima_R108P17HVVS 2019-03-21 10_32_27">
      <DeploymentItem filename="C:\Slam 4\Ean13\Ean13\bin\Debug\Ean13.exe" />
    </Deployment>
    <Execution>
      <TestTypeSpecific />
      <AgentRule name="Execution Agents">
      </AgentRule>
    </Execution>
  </TestSettings>
  <Times creation="2019-03-21T10:32:27.6366986+01:00" queuing="2019-03-21T10:32:29.0539286+01:00" start="2019-03-21T10:32:29.0803180+01:00" finish="2019-03-21T10:32:29.2992500+01:00" />
  <ResultSummary outcome="Failed">
    <Counters total="10" executed="10" passed="4" error="0" failed="4" timeout="0" aborted="0" inconclusive="2" passedButRunAborted="0" notRunnable="0" notExecuted="0" disconnected="0" warning="0" completed="0" inProgress="0" pending="0" />
  </ResultSummary>
  <TestDefinitions>
    <UnitTest name="Ean13ConstructorTest_09" storage="c:\slam 4\ean13\ean13project\bin\debug\ean13project.dll" id="95d262da-c4b6-6cd9-524b-aa179d60e1fe">
      <Execution id="174eca05-ef19-41a0-a961-7e8b66098536" />
      <TestMethod codeBase="C:/Slam 4/Ean13/Ean13Project/bin/Debug/Ean13Project.DLL" adapterTypeName="Microsoft.VisualStudio.TestTools.TestTypes.Unit.UnitTestAdapter, Microsoft.VisualStudio.QualityTools.Tips.UnitTest.Adapter, Version=10.0.0.0, Culture=neutral, PublicKeyToken=b03f5f7f11d50a3a" className="Ean13Project.Ean13Test, Ean13Project, Version=1.0.0.0, Culture=neutral, PublicKeyToken=null" name="Ean13ConstructorTest_09" />
    </UnitTest>
    <UnitTest name="Ean13ConstructorTest_11" storage="c:\slam 4\ean13\ean13project\bin\debug\ean13project.dll" id="b49a2296-c3e4-c58c-e3fc-c8778ca8f3a6">
      <Execution id="1772dc87-3185-4f07-9726-10079c72794c" />
      <TestMethod codeBase="C:/Slam 4/Ean13/Ean13Project/bin/Debug/Ean13Project.DLL" adapterTypeName="Microsoft.VisualStudio.TestTools.TestTypes.Unit.UnitTestAdapter, Microsoft.VisualStudio.QualityTools.Tips.UnitTest.Adapter, Version=10.0.0.0, Culture=neutral, PublicKeyToken=b03f5f7f11d50a3a" className="Ean13Project.Ean13Test, Ean13Project, Version=1.0.0.0, Culture=neutral, PublicKeyToken=null" name="Ean13ConstructorTest_11" />
    </UnitTest>
    <UnitTest name="PoidsPairTest" storage="c:\slam 4\ean13\ean13project\bin\debug\ean13project.dll" id="fe659b80-3d78-6fd1-2746-359872bf0390">
      <Execution id="d2734e4c-c111-4dff-bac8-a052066f40b4" />
      <TestMethod codeBase="C:/Slam 4/Ean13/Ean13Project/bin/Debug/Ean13Project.DLL" adapterTypeName="Microsoft.VisualStudio.TestTools.TestTypes.Unit.UnitTestAdapter, Microsoft.VisualStudio.QualityTools.Tips.UnitTest.Adapter, Version=10.0.0.0, Culture=neutral, PublicKeyToken=b03f5f7f11d50a3a" className="Ean13Project.Ean13Test, Ean13Project, Version=1.0.0.0, Culture=neutral, PublicKeyToken=null" name="PoidsPairTest" />
    </UnitTest>
    <UnitTest name="Ean13ConstructorTest_13" storage="c:\slam 4\ean13\ean13project\bin\debug\ean13project.dll" id="a8dceb90-9f48-0aa1-5396-4d367107ac5c">
      <Execution id="6f6d25fc-712b-4485-89b6-1b5d0298ae6e" />
      <TestMethod codeBase="C:/Slam 4/Ean13/Ean13Project/bin/Debug/Ean13Project.DLL" adapterTypeName="Microsoft.VisualStudio.TestTools.TestTypes.Unit.UnitTestAdapter, Microsoft.VisualStudio.QualityTools.Tips.UnitTest.Adapter, Version=10.0.0.0, Culture=neutral, PublicKeyToken=b03f5f7f11d50a3a" className="Ean13Project.Ean13Test, Ean13Project, Version=1.0.0.0, Culture=neutral, PublicKeyToken=null" name="Ean13ConstructorTest_13" />
    </UnitTest>
    <UnitTest name="ResteTest" storage="c:\slam 4\ean13\ean13project\bin\debug\ean13project.dll" id="259ba197-5a6d-0b27-50b7-e2f068c81544">
      <Execution id="adc912a0-7e64-4b9d-9e1b-5dfa2ea39a28" />
      <TestMethod codeBase="C:/Slam 4/Ean13/Ean13Project/bin/Debug/Ean13Project.DLL" adapterTypeName="Microsoft.VisualStudio.TestTools.TestTypes.Unit.UnitTestAdapter, Microsoft.VisualStudio.QualityTools.Tips.UnitTest.Adapter, Version=10.0.0.0, Culture=neutral, PublicKeyToken=b03f5f7f11d50a3a" className="Ean13Project.Ean13Test, Ean13Project, Version=1.0.0.0, Culture=neutral, PublicKeyToken=null" name="ResteTest" />
    </UnitTest>
    <UnitTest name="CleTest" storage="c:\slam 4\ean13\ean13project\bin\debug\ean13project.dll" id="f3b18e16-4695-2b3b-7df5-6b1e4bdd4554">
      <Execution id="ff3debd9-2f62-488c-bb0d-9ea23fd68dc1" />
      <TestMethod codeBase="C:/Slam 4/Ean13/Ean13Project/bin/Debug/Ean13Project.DLL" adapterTypeName="Microsoft.VisualStudio.TestTools.TestTypes.Unit.UnitTestAdapter, Microsoft.VisualStudio.QualityTools.Tips.UnitTest.Adapter, Version=10.0.0.0, Culture=neutral, PublicKeyToken=b03f5f7f11d50a3a" className="Ean13Project.Ean13Test, Ean13Project, Version=1.0.0.0, Culture=neutral, PublicKeyToken=null" name="CleTest" />
    </UnitTest>
    <UnitTest name="ProgramConstructorTest" storage="c:\slam 4\ean13\ean13project\bin\debug\ean13project.dll" id="bc5185dc-fd40-8293-04d9-b52c3f0a337a">
      <Execution id="ed722640-08e1-4e23-9e1c-271f5ca90d73" />
      <TestMethod codeBase="C:/Slam 4/Ean13/Ean13Project/bin/Debug/Ean13Project.DLL" adapterTypeName="Microsoft.VisualStudio.TestTools.TestTypes.Unit.UnitTestAdapter, Microsoft.VisualStudio.QualityTools.Tips.UnitTest.Adapter, Version=10.0.0.0, Culture=neutral, PublicKeyToken=b03f5f7f11d50a3a" className="Ean13Project.ProgramTest, Ean13Project, Version=1.0.0.0, Culture=neutral, PublicKeyToken=null" name="ProgramConstructorTest" />
    </UnitTest>
    <UnitTest name="ToStringTest" storage="c:\slam 4\ean13\ean13project\bin\debug\ean13project.dll" id="0d932525-e5e3-11ab-796f-c61b7e167626">
      <Execution id="1b20da31-d017-4215-8a96-bfe79456b380" />
      <TestMethod codeBase="C:/Slam 4/Ean13/Ean13Project/bin/Debug/Ean13Project.DLL" adapterTypeName="Microsoft.VisualStudio.TestTools.TestTypes.Unit.UnitTestAdapter, Microsoft.VisualStudio.QualityTools.Tips.UnitTest.Adapter, Version=10.0.0.0, Culture=neutral, PublicKeyToken=b03f5f7f11d50a3a" className="Ean13Project.Ean13Test, Ean13Project, Version=1.0.0.0, Culture=neutral, PublicKeyToken=null" name="ToStringTest" />
    </UnitTest>
    <UnitTest name="PoidsImpairTest" storage="c:\slam 4\ean13\ean13project\bin\debug\ean13project.dll" id="75e8a8b3-3b9f-b005-9f0c-675d08f23d8f">
      <Execution id="a99f2826-fff9-4c67-ae54-b7cb69756d19" />
      <TestMethod codeBase="C:/Slam 4/Ean13/Ean13Project/bin/Debug/Ean13Project.DLL" adapterTypeName="Microsoft.VisualStudio.TestTools.TestTypes.Unit.UnitTestAdapter, Microsoft.VisualStudio.QualityTools.Tips.UnitTest.Adapter, Version=10.0.0.0, Culture=neutral, PublicKeyToken=b03f5f7f11d50a3a" className="Ean13Project.Ean13Test, Ean13Project, Version=1.0.0.0, Culture=neutral, PublicKeyToken=null" name="PoidsImpairTest" />
    </UnitTest>
    <UnitTest name="MainTest" storage="c:\slam 4\ean13\ean13project\bin\debug\ean13project.dll" id="fe6a509f-0d48-10bc-1035-a76da7f10f84">
      <DeploymentItems>
        <DeploymentItem filename="Ean13.exe" />
      </DeploymentItems>
      <Execution id="ee9634bf-f4f1-4bd5-96f7-9b25d6f7e249" />
      <TestMethod codeBase="C:/Slam 4/Ean13/Ean13Project/bin/Debug/Ean13Project.DLL" adapterTypeName="Microsoft.VisualStudio.TestTools.TestTypes.Unit.UnitTestAdapter, Microsoft.VisualStudio.QualityTools.Tips.UnitTest.Adapter, Version=10.0.0.0, Culture=neutral, PublicKeyToken=b03f5f7f11d50a3a" className="Ean13Project.ProgramTest, Ean13Project, Version=1.0.0.0, Culture=neutral, PublicKeyToken=null" name="MainTest" />
    </UnitTest>
  </TestDefinitions>
  <TestLists>
    <TestList name="Les résultats ne figurent pas dans une liste" id="8c84fa94-04c1-424b-9868-57a2d4851a1d" />
    <TestList name="Tous les résultats chargés" id="19431567-8539-422a-85d7-44ee4e166bda" />
  </TestLists>
  <TestEntries>
    <TestEntry testId="0d932525-e5e3-11ab-796f-c61b7e167626" executionId="1b20da31-d017-4215-8a96-bfe79456b380" testListId="8c84fa94-04c1-424b-9868-57a2d4851a1d" />
    <TestEntry testId="259ba197-5a6d-0b27-50b7-e2f068c81544" executionId="adc912a0-7e64-4b9d-9e1b-5dfa2ea39a28" testListId="8c84fa94-04c1-424b-9868-57a2d4851a1d" />
    <TestEntry testId="75e8a8b3-3b9f-b005-9f0c-675d08f23d8f" executionId="a99f2826-fff9-4c67-ae54-b7cb69756d19" testListId="8c84fa94-04c1-424b-9868-57a2d4851a1d" />
    <TestEntry testId="95d262da-c4b6-6cd9-524b-aa179d60e1fe" executionId="174eca05-ef19-41a0-a961-7e8b66098536" testListId="8c84fa94-04c1-424b-9868-57a2d4851a1d" />
    <TestEntry testId="a8dceb90-9f48-0aa1-5396-4d367107ac5c" executionId="6f6d25fc-712b-4485-89b6-1b5d0298ae6e" testListId="8c84fa94-04c1-424b-9868-57a2d4851a1d" />
    <TestEntry testId="b49a2296-c3e4-c58c-e3fc-c8778ca8f3a6" executionId="1772dc87-3185-4f07-9726-10079c72794c" testListId="8c84fa94-04c1-424b-9868-57a2d4851a1d" />
    <TestEntry testId="bc5185dc-fd40-8293-04d9-b52c3f0a337a" executionId="ed722640-08e1-4e23-9e1c-271f5ca90d73" testListId="8c84fa94-04c1-424b-9868-57a2d4851a1d" />
    <TestEntry testId="f3b18e16-4695-2b3b-7df5-6b1e4bdd4554" executionId="ff3debd9-2f62-488c-bb0d-9ea23fd68dc1" testListId="8c84fa94-04c1-424b-9868-57a2d4851a1d" />
    <TestEntry testId="fe659b80-3d78-6fd1-2746-359872bf0390" executionId="d2734e4c-c111-4dff-bac8-a052066f40b4" testListId="8c84fa94-04c1-424b-9868-57a2d4851a1d" />
    <TestEntry testId="fe6a509f-0d48-10bc-1035-a76da7f10f84" executionId="ee9634bf-f4f1-4bd5-96f7-9b25d6f7e249" testListId="8c84fa94-04c1-424b-9868-57a2d4851a1d" />
  </TestEntries>
  <Results>
    <UnitTestResult executionId="1b20da31-d017-4215-8a96-bfe79456b380" testId="0d932525-e5e3-11ab-796f-c61b7e167626" testName="ToStringTest" computerName="R108P17HVVS" duration="00:00:00.0210000" startTime="2019-03-21T10:32:29.1115940+01:00" endTime="2019-03-21T10:32:29.2366980+01:00" testType="13cdc9d9-ddb5-4fa4-a97d-d965ccfc6d4b" outcome="Failed" testListId="8c84fa94-04c1-424b-9868-57a2d4851a1d" relativeResultsDirectory="1b20da31-d017-4215-8a96-bfe79456b380">
      <Output>
        <ErrorInfo>
          <Message>Échec de Assert.AreEqual. Attendu : &lt;4719-5120-0288-9&gt;, Réel : &lt;4719-5120-0288-2&gt;. </Message>
          <StackTrace>   à Ean13Project.Ean13Test.ToStringTest() dans C:\Slam 4\Ean13\Ean13Project\Ean13Test.cs:ligne 186
</StackTrace>
        </ErrorInfo>
      </Output>
    </UnitTestResult>
    <UnitTestResult executionId="adc912a0-7e64-4b9d-9e1b-5dfa2ea39a28" testId="259ba197-5a6d-0b27-50b7-e2f068c81544" testName="ResteTest" computerName="R108P17HVVS" duration="00:00:00.0010148" startTime="2019-03-21T10:32:29.2366980+01:00" endTime="2019-03-21T10:32:29.2523360+01:00" testType="13cdc9d9-ddb5-4fa4-a97d-d965ccfc6d4b" outcome="Failed" testListId="8c84fa94-04c1-424b-9868-57a2d4851a1d" relativeResultsDirectory="adc912a0-7e64-4b9d-9e1b-5dfa2ea39a28">
      <Output>
        <ErrorInfo>
          <Message>Échec de Assert.AreEqual. Attendu : &lt;1&gt;, Réel : &lt;8&gt;. </Message>
          <StackTrace>   à Ean13Project.Ean13Test.ResteTest() dans C:\Slam 4\Ean13\Ean13Project\Ean13Test.cs:ligne 173
</StackTrace>
        </ErrorInfo>
      </Output>
    </UnitTestResult>
    <UnitTestResult executionId="a99f2826-fff9-4c67-ae54-b7cb69756d19" testId="75e8a8b3-3b9f-b005-9f0c-675d08f23d8f" testName="PoidsImpairTest" computerName="R108P17HVVS" duration="00:00:00.0012773" startTime="2019-03-21T10:32:29.2523360+01:00" endTime="2019-03-21T10:32:29.2523360+01:00" testType="13cdc9d9-ddb5-4fa4-a97d-d965ccfc6d4b" outcome="Failed" testListId="8c84fa94-04c1-424b-9868-57a2d4851a1d" relativeResultsDirectory="a99f2826-fff9-4c67-ae54-b7cb69756d19">
      <Output>
        <ErrorInfo>
          <Message>Échec de Assert.AreEqual. Attendu : &lt;20&gt;, Réel : &lt;27&gt;. </Message>
          <StackTrace>   à Ean13Project.Ean13Test.PoidsImpairTest() dans C:\Slam 4\Ean13\Ean13Project\Ean13Test.cs:ligne 147
</StackTrace>
        </ErrorInfo>
      </Output>
    </UnitTestResult>
    <UnitTestResult executionId="174eca05-ef19-41a0-a961-7e8b66098536" testId="95d262da-c4b6-6cd9-524b-aa179d60e1fe" testName="Ean13ConstructorTest_09" computerName="R108P17HVVS" duration="00:00:00.0002240" startTime="2019-03-21T10:32:29.2523360+01:00" endTime="2019-03-21T10:32:29.2679740+01:00" testType="13cdc9d9-ddb5-4fa4-a97d-d965ccfc6d4b" outcome="Passed" testListId="8c84fa94-04c1-424b-9868-57a2d4851a1d" relativeResultsDirectory="174eca05-ef19-41a0-a961-7e8b66098536">
    </UnitTestResult>
    <UnitTestResult executionId="6f6d25fc-712b-4485-89b6-1b5d0298ae6e" testId="a8dceb90-9f48-0aa1-5396-4d367107ac5c" testName="Ean13ConstructorTest_13" computerName="R108P17HVVS" duration="00:00:00.0001561" startTime="2019-03-21T10:32:29.2679740+01:00" endTime="2019-03-21T10:32:29.2679740+01:00" testType="13cdc9d9-ddb5-4fa4-a97d-d965ccfc6d4b" outcome="Passed" testListId="8c84fa94-04c1-424b-9868-57a2d4851a1d" relativeResultsDirectory="6f6d25fc-712b-4485-89b6-1b5d0298ae6e">
    </UnitTestResult>
    <UnitTestResult executionId="1772dc87-3185-4f07-9726-10079c72794c" testId="b49a2296-c3e4-c58c-e3fc-c8778ca8f3a6" testName="Ean13ConstructorTest_11" computerName="R108P17HVVS" duration="00:00:00.0002457" startTime="2019-03-21T10:32:29.2679740+01:00" endTime="2019-03-21T10:32:29.2679740+01:00" testType="13cdc9d9-ddb5-4fa4-a97d-d965ccfc6d4b" outcome="Passed" testListId="8c84fa94-04c1-424b-9868-57a2d4851a1d" relativeResultsDirectory="1772dc87-3185-4f07-9726-10079c72794c">
    </UnitTestResult>
    <UnitTestResult executionId="ed722640-08e1-4e23-9e1c-271f5ca90d73" testId="bc5185dc-fd40-8293-04d9-b52c3f0a337a" testName="ProgramConstructorTest" computerName="R108P17HVVS" duration="00:00:00.0005292" startTime="2019-03-21T10:32:29.2679740+01:00" endTime="2019-03-21T10:32:29.2679740+01:00" testType="13cdc9d9-ddb5-4fa4-a97d-d965ccfc6d4b" outcome="Inconclusive" testListId="8c84fa94-04c1-424b-9868-57a2d4851a1d" relativeResultsDirectory="ed722640-08e1-4e23-9e1c-271f5ca90d73">
      <Output>
        <ErrorInfo>
          <Message>Échec de Assert.Inconclusive. TODO: implémentez le code pour vérifier la cible</Message>
          <StackTrace>   à Ean13Project.ProgramTest.ProgramConstructorTest() dans C:\Slam 4\Ean13\Ean13Project\ProgramTest.cs:ligne 74
</StackTrace>
        </ErrorInfo>
      </Output>
    </UnitTestResult>
    <UnitTestResult executionId="ff3debd9-2f62-488c-bb0d-9ea23fd68dc1" testId="f3b18e16-4695-2b3b-7df5-6b1e4bdd4554" testName="CleTest" computerName="R108P17HVVS" duration="00:00:00.0013997" startTime="2019-03-21T10:32:29.2679740+01:00" endTime="2019-03-21T10:32:29.2679740+01:00" testType="13cdc9d9-ddb5-4fa4-a97d-d965ccfc6d4b" outcome="Failed" testListId="8c84fa94-04c1-424b-9868-57a2d4851a1d" relativeResultsDirectory="ff3debd9-2f62-488c-bb0d-9ea23fd68dc1">
      <Output>
        <ErrorInfo>
          <Message>Échec de Assert.AreEqual. Attendu : &lt;9&gt;, Réel : &lt;2&gt;. </Message>
          <StackTrace>   à Ean13Project.Ean13Test.CleTest() dans C:\Slam 4\Ean13\Ean13Project\Ean13Test.cs:ligne 125
</StackTrace>
        </ErrorInfo>
      </Output>
    </UnitTestResult>
    <UnitTestResult executionId="d2734e4c-c111-4dff-bac8-a052066f40b4" testId="fe659b80-3d78-6fd1-2746-359872bf0390" testName="PoidsPairTest" computerName="R108P17HVVS" duration="00:00:00.0001442" startTime="2019-03-21T10:32:29.2679740+01:00" endTime="2019-03-21T10:32:29.2836120+01:00" testType="13cdc9d9-ddb5-4fa4-a97d-d965ccfc6d4b" outcome="Passed" testListId="8c84fa94-04c1-424b-9868-57a2d4851a1d" relativeResultsDirectory="d2734e4c-c111-4dff-bac8-a052066f40b4">
    </UnitTestResult>
    <UnitTestResult executionId="ee9634bf-f4f1-4bd5-96f7-9b25d6f7e249" testId="fe6a509f-0d48-10bc-1035-a76da7f10f84" testName="MainTest" computerName="R108P17HVVS" duration="00:00:00.0021145" startTime="2019-03-21T10:32:29.2836120+01:00" endTime="2019-03-21T10:32:29.2836120+01:00" testType="13cdc9d9-ddb5-4fa4-a97d-d965ccfc6d4b" outcome="Inconclusive" testListId="8c84fa94-04c1-424b-9868-57a2d4851a1d" relativeResultsDirectory="ee9634bf-f4f1-4bd5-96f7-9b25d6f7e249">
      <Output>
        <ErrorInfo>
          <Message>Échec de Assert.Inconclusive. Une méthode qui ne retourne pas une valeur ne peut pas être vérifiée.</Message>
          <StackTrace>   à Ean13Project.ProgramTest.MainTest() dans C:\Slam 4\Ean13\Ean13Project\ProgramTest.cs:ligne 86
</StackTrace>
        </ErrorInfo>
      </Output>
    </UnitTestResult>
  </Results>
</TestRun>