<?xml version="1.0" encoding="UTF-8"?>
<TestRun id="e9c7e8e5-f409-4a73-bfdd-e00ee8203bdb" name="mlima@R108P17HVVS 2019-03-14 12:08:41" runUser="SIO\mlima" xmlns="http://microsoft.com/schemas/VisualStudio/TeamTest/2010">
  <TestSettings name="Local" id="04463729-3cd3-40da-91d8-44210da3ddb3">
    <Description>Il s'agit des paramètres de test par défaut pour une série de tests locale.</Description>
    <Deployment enabled="false" runDeploymentRoot="mlima_R108P17HVVS 2019-03-14 12_08_41">
      <DeploymentItem filename="C:\Slam 4\Ean13\Ean13\bin\Debug\Ean13.exe" />
    </Deployment>
    <Execution>
      <TestTypeSpecific />
      <AgentRule name="Execution Agents">
      </AgentRule>
    </Execution>
  </TestSettings>
  <Times creation="2019-03-14T12:08:41.1714487+01:00" queuing="2019-03-14T12:08:49.0259047+01:00" start="2019-03-14T12:08:49.0473833+01:00" finish="2019-03-14T12:08:49.2504550+01:00" />
  <ResultSummary outcome="Failed">
    <Counters total="10" executed="10" passed="7" error="0" failed="1" timeout="0" aborted="0" inconclusive="2" passedButRunAborted="0" notRunnable="0" notExecuted="0" disconnected="0" warning="0" completed="0" inProgress="0" pending="0" />
  </ResultSummary>
  <TestDefinitions>
    <UnitTest name="Ean13ConstructorTest_09" storage="c:\slam 4\ean13\ean13project\bin\debug\ean13project.dll" id="95d262da-c4b6-6cd9-524b-aa179d60e1fe">
      <Execution id="b5fd166f-a2d4-401c-a45d-91fdf5dc856a" />
      <TestMethod codeBase="C:/Slam 4/Ean13/Ean13Project/bin/Debug/Ean13Project.DLL" adapterTypeName="Microsoft.VisualStudio.TestTools.TestTypes.Unit.UnitTestAdapter, Microsoft.VisualStudio.QualityTools.Tips.UnitTest.Adapter, Version=10.0.0.0, Culture=neutral, PublicKeyToken=b03f5f7f11d50a3a" className="Ean13Project.Ean13Test, Ean13Project, Version=1.0.0.0, Culture=neutral, PublicKeyToken=null" name="Ean13ConstructorTest_09" />
    </UnitTest>
    <UnitTest name="Ean13ConstructorTest_11" storage="c:\slam 4\ean13\ean13project\bin\debug\ean13project.dll" id="b49a2296-c3e4-c58c-e3fc-c8778ca8f3a6">
      <Execution id="4187a3bd-1dbd-4115-b126-4f2ab8f4f7a2" />
      <TestMethod codeBase="C:/Slam 4/Ean13/Ean13Project/bin/Debug/Ean13Project.DLL" adapterTypeName="Microsoft.VisualStudio.TestTools.TestTypes.Unit.UnitTestAdapter, Microsoft.VisualStudio.QualityTools.Tips.UnitTest.Adapter, Version=10.0.0.0, Culture=neutral, PublicKeyToken=b03f5f7f11d50a3a" className="Ean13Project.Ean13Test, Ean13Project, Version=1.0.0.0, Culture=neutral, PublicKeyToken=null" name="Ean13ConstructorTest_11" />
    </UnitTest>
    <UnitTest name="PoidsPairTest" storage="c:\slam 4\ean13\ean13project\bin\debug\ean13project.dll" id="fe659b80-3d78-6fd1-2746-359872bf0390">
      <Execution id="95ea4af9-78dc-4e06-8c70-cb33c17076ba" />
      <TestMethod codeBase="C:/Slam 4/Ean13/Ean13Project/bin/Debug/Ean13Project.DLL" adapterTypeName="Microsoft.VisualStudio.TestTools.TestTypes.Unit.UnitTestAdapter, Microsoft.VisualStudio.QualityTools.Tips.UnitTest.Adapter, Version=10.0.0.0, Culture=neutral, PublicKeyToken=b03f5f7f11d50a3a" className="Ean13Project.Ean13Test, Ean13Project, Version=1.0.0.0, Culture=neutral, PublicKeyToken=null" name="PoidsPairTest" />
    </UnitTest>
    <UnitTest name="Ean13ConstructorTest_13" storage="c:\slam 4\ean13\ean13project\bin\debug\ean13project.dll" id="a8dceb90-9f48-0aa1-5396-4d367107ac5c">
      <Execution id="59ab8dcf-4fe4-4731-8267-67dc38ad59a6" />
      <TestMethod codeBase="C:/Slam 4/Ean13/Ean13Project/bin/Debug/Ean13Project.DLL" adapterTypeName="Microsoft.VisualStudio.TestTools.TestTypes.Unit.UnitTestAdapter, Microsoft.VisualStudio.QualityTools.Tips.UnitTest.Adapter, Version=10.0.0.0, Culture=neutral, PublicKeyToken=b03f5f7f11d50a3a" className="Ean13Project.Ean13Test, Ean13Project, Version=1.0.0.0, Culture=neutral, PublicKeyToken=null" name="Ean13ConstructorTest_13" />
    </UnitTest>
    <UnitTest name="ResteTest" storage="c:\slam 4\ean13\ean13project\bin\debug\ean13project.dll" id="259ba197-5a6d-0b27-50b7-e2f068c81544">
      <Execution id="73714b27-c97f-41b7-a7a2-b3b57af5a6fc" />
      <TestMethod codeBase="C:/Slam 4/Ean13/Ean13Project/bin/Debug/Ean13Project.DLL" adapterTypeName="Microsoft.VisualStudio.TestTools.TestTypes.Unit.UnitTestAdapter, Microsoft.VisualStudio.QualityTools.Tips.UnitTest.Adapter, Version=10.0.0.0, Culture=neutral, PublicKeyToken=b03f5f7f11d50a3a" className="Ean13Project.Ean13Test, Ean13Project, Version=1.0.0.0, Culture=neutral, PublicKeyToken=null" name="ResteTest" />
    </UnitTest>
    <UnitTest name="CleTest" storage="c:\slam 4\ean13\ean13project\bin\debug\ean13project.dll" id="f3b18e16-4695-2b3b-7df5-6b1e4bdd4554">
      <Execution id="bf2bab98-a62f-45ec-bee3-bc6289ea0694" />
      <TestMethod codeBase="C:/Slam 4/Ean13/Ean13Project/bin/Debug/Ean13Project.DLL" adapterTypeName="Microsoft.VisualStudio.TestTools.TestTypes.Unit.UnitTestAdapter, Microsoft.VisualStudio.QualityTools.Tips.UnitTest.Adapter, Version=10.0.0.0, Culture=neutral, PublicKeyToken=b03f5f7f11d50a3a" className="Ean13Project.Ean13Test, Ean13Project, Version=1.0.0.0, Culture=neutral, PublicKeyToken=null" name="CleTest" />
    </UnitTest>
    <UnitTest name="ProgramConstructorTest" storage="c:\slam 4\ean13\ean13project\bin\debug\ean13project.dll" id="bc5185dc-fd40-8293-04d9-b52c3f0a337a">
      <Execution id="6be182c4-c428-4ecc-a7f2-21c6ee6d4a3a" />
      <TestMethod codeBase="C:/Slam 4/Ean13/Ean13Project/bin/Debug/Ean13Project.DLL" adapterTypeName="Microsoft.VisualStudio.TestTools.TestTypes.Unit.UnitTestAdapter, Microsoft.VisualStudio.QualityTools.Tips.UnitTest.Adapter, Version=10.0.0.0, Culture=neutral, PublicKeyToken=b03f5f7f11d50a3a" className="Ean13Project.ProgramTest, Ean13Project, Version=1.0.0.0, Culture=neutral, PublicKeyToken=null" name="ProgramConstructorTest" />
    </UnitTest>
    <UnitTest name="ToStringTest" storage="c:\slam 4\ean13\ean13project\bin\debug\ean13project.dll" id="0d932525-e5e3-11ab-796f-c61b7e167626">
      <Execution id="0958c57e-97d6-4d36-9f6a-91a486246dfe" />
      <TestMethod codeBase="C:/Slam 4/Ean13/Ean13Project/bin/Debug/Ean13Project.DLL" adapterTypeName="Microsoft.VisualStudio.TestTools.TestTypes.Unit.UnitTestAdapter, Microsoft.VisualStudio.QualityTools.Tips.UnitTest.Adapter, Version=10.0.0.0, Culture=neutral, PublicKeyToken=b03f5f7f11d50a3a" className="Ean13Project.Ean13Test, Ean13Project, Version=1.0.0.0, Culture=neutral, PublicKeyToken=null" name="ToStringTest" />
    </UnitTest>
    <UnitTest name="PoidsImpairTest" storage="c:\slam 4\ean13\ean13project\bin\debug\ean13project.dll" id="75e8a8b3-3b9f-b005-9f0c-675d08f23d8f">
      <Execution id="f59646a5-0cc9-4d04-a78e-84a907e66e4e" />
      <TestMethod codeBase="C:/Slam 4/Ean13/Ean13Project/bin/Debug/Ean13Project.DLL" adapterTypeName="Microsoft.VisualStudio.TestTools.TestTypes.Unit.UnitTestAdapter, Microsoft.VisualStudio.QualityTools.Tips.UnitTest.Adapter, Version=10.0.0.0, Culture=neutral, PublicKeyToken=b03f5f7f11d50a3a" className="Ean13Project.Ean13Test, Ean13Project, Version=1.0.0.0, Culture=neutral, PublicKeyToken=null" name="PoidsImpairTest" />
    </UnitTest>
    <UnitTest name="MainTest" storage="c:\slam 4\ean13\ean13project\bin\debug\ean13project.dll" id="fe6a509f-0d48-10bc-1035-a76da7f10f84">
      <DeploymentItems>
        <DeploymentItem filename="Ean13.exe" />
      </DeploymentItems>
      <Execution id="4142ee74-42af-47c2-8cdc-ca1e1a0133dc" />
      <TestMethod codeBase="C:/Slam 4/Ean13/Ean13Project/bin/Debug/Ean13Project.DLL" adapterTypeName="Microsoft.VisualStudio.TestTools.TestTypes.Unit.UnitTestAdapter, Microsoft.VisualStudio.QualityTools.Tips.UnitTest.Adapter, Version=10.0.0.0, Culture=neutral, PublicKeyToken=b03f5f7f11d50a3a" className="Ean13Project.ProgramTest, Ean13Project, Version=1.0.0.0, Culture=neutral, PublicKeyToken=null" name="MainTest" />
    </UnitTest>
  </TestDefinitions>
  <TestLists>
    <TestList name="Les résultats ne figurent pas dans une liste" id="8c84fa94-04c1-424b-9868-57a2d4851a1d" />
    <TestList name="Tous les résultats chargés" id="19431567-8539-422a-85d7-44ee4e166bda" />
  </TestLists>
  <TestEntries>
    <TestEntry testId="0d932525-e5e3-11ab-796f-c61b7e167626" executionId="0958c57e-97d6-4d36-9f6a-91a486246dfe" testListId="8c84fa94-04c1-424b-9868-57a2d4851a1d" />
    <TestEntry testId="259ba197-5a6d-0b27-50b7-e2f068c81544" executionId="73714b27-c97f-41b7-a7a2-b3b57af5a6fc" testListId="8c84fa94-04c1-424b-9868-57a2d4851a1d" />
    <TestEntry testId="75e8a8b3-3b9f-b005-9f0c-675d08f23d8f" executionId="f59646a5-0cc9-4d04-a78e-84a907e66e4e" testListId="8c84fa94-04c1-424b-9868-57a2d4851a1d" />
    <TestEntry testId="95d262da-c4b6-6cd9-524b-aa179d60e1fe" executionId="b5fd166f-a2d4-401c-a45d-91fdf5dc856a" testListId="8c84fa94-04c1-424b-9868-57a2d4851a1d" />
    <TestEntry testId="a8dceb90-9f48-0aa1-5396-4d367107ac5c" executionId="59ab8dcf-4fe4-4731-8267-67dc38ad59a6" testListId="8c84fa94-04c1-424b-9868-57a2d4851a1d" />
    <TestEntry testId="b49a2296-c3e4-c58c-e3fc-c8778ca8f3a6" executionId="4187a3bd-1dbd-4115-b126-4f2ab8f4f7a2" testListId="8c84fa94-04c1-424b-9868-57a2d4851a1d" />
    <TestEntry testId="bc5185dc-fd40-8293-04d9-b52c3f0a337a" executionId="6be182c4-c428-4ecc-a7f2-21c6ee6d4a3a" testListId="8c84fa94-04c1-424b-9868-57a2d4851a1d" />
    <TestEntry testId="f3b18e16-4695-2b3b-7df5-6b1e4bdd4554" executionId="bf2bab98-a62f-45ec-bee3-bc6289ea0694" testListId="8c84fa94-04c1-424b-9868-57a2d4851a1d" />
    <TestEntry testId="fe659b80-3d78-6fd1-2746-359872bf0390" executionId="95ea4af9-78dc-4e06-8c70-cb33c17076ba" testListId="8c84fa94-04c1-424b-9868-57a2d4851a1d" />
    <TestEntry testId="fe6a509f-0d48-10bc-1035-a76da7f10f84" executionId="4142ee74-42af-47c2-8cdc-ca1e1a0133dc" testListId="8c84fa94-04c1-424b-9868-57a2d4851a1d" />
  </TestEntries>
  <Results>
    <UnitTestResult executionId="0958c57e-97d6-4d36-9f6a-91a486246dfe" testId="0d932525-e5e3-11ab-796f-c61b7e167626" testName="ToStringTest" computerName="R108P17HVVS" duration="00:00:00.0092165" startTime="2019-03-14T12:08:49.0786251+01:00" endTime="2019-03-14T12:08:49.2192132+01:00" testType="13cdc9d9-ddb5-4fa4-a97d-d965ccfc6d4b" outcome="Passed" testListId="8c84fa94-04c1-424b-9868-57a2d4851a1d" relativeResultsDirectory="0958c57e-97d6-4d36-9f6a-91a486246dfe">
    </UnitTestResult>
    <UnitTestResult executionId="73714b27-c97f-41b7-a7a2-b3b57af5a6fc" testId="259ba197-5a6d-0b27-50b7-e2f068c81544" testName="ResteTest" computerName="R108P17HVVS" duration="00:00:00.0001174" startTime="2019-03-14T12:08:49.2192132+01:00" endTime="2019-03-14T12:08:49.2192132+01:00" testType="13cdc9d9-ddb5-4fa4-a97d-d965ccfc6d4b" outcome="Passed" testListId="8c84fa94-04c1-424b-9868-57a2d4851a1d" relativeResultsDirectory="73714b27-c97f-41b7-a7a2-b3b57af5a6fc">
    </UnitTestResult>
    <UnitTestResult executionId="f59646a5-0cc9-4d04-a78e-84a907e66e4e" testId="75e8a8b3-3b9f-b005-9f0c-675d08f23d8f" testName="PoidsImpairTest" computerName="R108P17HVVS" duration="00:00:00.0001045" startTime="2019-03-14T12:08:49.2192132+01:00" endTime="2019-03-14T12:08:49.2192132+01:00" testType="13cdc9d9-ddb5-4fa4-a97d-d965ccfc6d4b" outcome="Passed" testListId="8c84fa94-04c1-424b-9868-57a2d4851a1d" relativeResultsDirectory="f59646a5-0cc9-4d04-a78e-84a907e66e4e">
    </UnitTestResult>
    <UnitTestResult executionId="b5fd166f-a2d4-401c-a45d-91fdf5dc856a" testId="95d262da-c4b6-6cd9-524b-aa179d60e1fe" testName="Ean13ConstructorTest_09" computerName="R108P17HVVS" duration="00:00:00.0086861" startTime="2019-03-14T12:08:49.2192132+01:00" endTime="2019-03-14T12:08:49.2192132+01:00" testType="13cdc9d9-ddb5-4fa4-a97d-d965ccfc6d4b" outcome="Failed" testListId="8c84fa94-04c1-424b-9868-57a2d4851a1d" relativeResultsDirectory="b5fd166f-a2d4-401c-a45d-91fdf5dc856a">
      <Output>
        <ErrorInfo>
          <Message>Échec de Assert.AreEqual. Attendu : &lt;Un code Ean 13 doit être un tableau de 12 entiers&gt;, Réel : &lt;Un élément du gencode n'est pas compris entre 0 et 9&gt;. </Message>
          <StackTrace>   à Ean13Project.Ean13Test.Ean13ConstructorTest_09() dans C:\Slam 4\Ean13\Ean13Project\Ean13Test.cs:ligne 109
</StackTrace>
        </ErrorInfo>
      </Output>
    </UnitTestResult>
    <UnitTestResult executionId="59ab8dcf-4fe4-4731-8267-67dc38ad59a6" testId="a8dceb90-9f48-0aa1-5396-4d367107ac5c" testName="Ean13ConstructorTest_13" computerName="R108P17HVVS" duration="00:00:00.0001750" startTime="2019-03-14T12:08:49.2192132+01:00" endTime="2019-03-14T12:08:49.2192132+01:00" testType="13cdc9d9-ddb5-4fa4-a97d-d965ccfc6d4b" outcome="Passed" testListId="8c84fa94-04c1-424b-9868-57a2d4851a1d" relativeResultsDirectory="59ab8dcf-4fe4-4731-8267-67dc38ad59a6">
    </UnitTestResult>
    <UnitTestResult executionId="4187a3bd-1dbd-4115-b126-4f2ab8f4f7a2" testId="b49a2296-c3e4-c58c-e3fc-c8778ca8f3a6" testName="Ean13ConstructorTest_11" computerName="R108P17HVVS" duration="00:00:00.0001567" startTime="2019-03-14T12:08:49.2192132+01:00" endTime="2019-03-14T12:08:49.2348341+01:00" testType="13cdc9d9-ddb5-4fa4-a97d-d965ccfc6d4b" outcome="Passed" testListId="8c84fa94-04c1-424b-9868-57a2d4851a1d" relativeResultsDirectory="4187a3bd-1dbd-4115-b126-4f2ab8f4f7a2">
    </UnitTestResult>
    <UnitTestResult executionId="6be182c4-c428-4ecc-a7f2-21c6ee6d4a3a" testId="bc5185dc-fd40-8293-04d9-b52c3f0a337a" testName="ProgramConstructorTest" computerName="R108P17HVVS" duration="00:00:00.0005036" startTime="2019-03-14T12:08:49.2348341+01:00" endTime="2019-03-14T12:08:49.2348341+01:00" testType="13cdc9d9-ddb5-4fa4-a97d-d965ccfc6d4b" outcome="Inconclusive" testListId="8c84fa94-04c1-424b-9868-57a2d4851a1d" relativeResultsDirectory="6be182c4-c428-4ecc-a7f2-21c6ee6d4a3a">
      <Output>
        <ErrorInfo>
          <Message>Échec de Assert.Inconclusive. TODO: implémentez le code pour vérifier la cible</Message>
          <StackTrace>   à Ean13Project.ProgramTest.ProgramConstructorTest() dans C:\Slam 4\Ean13\Ean13Project\ProgramTest.cs:ligne 74
</StackTrace>
        </ErrorInfo>
      </Output>
    </UnitTestResult>
    <UnitTestResult executionId="bf2bab98-a62f-45ec-bee3-bc6289ea0694" testId="f3b18e16-4695-2b3b-7df5-6b1e4bdd4554" testName="CleTest" computerName="R108P17HVVS" duration="00:00:00.0001226" startTime="2019-03-14T12:08:49.2348341+01:00" endTime="2019-03-14T12:08:49.2504550+01:00" testType="13cdc9d9-ddb5-4fa4-a97d-d965ccfc6d4b" outcome="Passed" testListId="8c84fa94-04c1-424b-9868-57a2d4851a1d" relativeResultsDirectory="bf2bab98-a62f-45ec-bee3-bc6289ea0694">
    </UnitTestResult>
    <UnitTestResult executionId="95ea4af9-78dc-4e06-8c70-cb33c17076ba" testId="fe659b80-3d78-6fd1-2746-359872bf0390" testName="PoidsPairTest" computerName="R108P17HVVS" duration="00:00:00.0001118" startTime="2019-03-14T12:08:49.2504550+01:00" endTime="2019-03-14T12:08:49.2504550+01:00" testType="13cdc9d9-ddb5-4fa4-a97d-d965ccfc6d4b" outcome="Passed" testListId="8c84fa94-04c1-424b-9868-57a2d4851a1d" relativeResultsDirectory="95ea4af9-78dc-4e06-8c70-cb33c17076ba">
    </UnitTestResult>
    <UnitTestResult executionId="4142ee74-42af-47c2-8cdc-ca1e1a0133dc" testId="fe6a509f-0d48-10bc-1035-a76da7f10f84" testName="MainTest" computerName="R108P17HVVS" duration="00:00:00.0018765" startTime="2019-03-14T12:08:49.2504550+01:00" endTime="2019-03-14T12:08:49.2504550+01:00" testType="13cdc9d9-ddb5-4fa4-a97d-d965ccfc6d4b" outcome="Inconclusive" testListId="8c84fa94-04c1-424b-9868-57a2d4851a1d" relativeResultsDirectory="4142ee74-42af-47c2-8cdc-ca1e1a0133dc">
      <Output>
        <ErrorInfo>
          <Message>Échec de Assert.Inconclusive. Une méthode qui ne retourne pas une valeur ne peut pas être vérifiée.</Message>
          <StackTrace>   à Ean13Project.ProgramTest.MainTest() dans C:\Slam 4\Ean13\Ean13Project\ProgramTest.cs:ligne 86
</StackTrace>
        </ErrorInfo>
      </Output>
    </UnitTestResult>
  </Results>
</TestRun>